<?xml version="1.0" encoding="UTF-8"?>
<testng-results ignored="0" total="253" passed="252" failed="1" skipped="0">
  <reporter-output>
  </reporter-output>
  <suite started-at="2023-12-07T23:32:45 EST" name="Suite" finished-at="2023-12-07T23:34:51 EST" duration-ms="125105">
    <groups>
      <group name="cucumber">
        <method signature="AbstractTestNGCucumberTests.runScenario(io.cucumber.testng.PickleWrapper,io.cucumber.testng.FeatureWrapper)[pri:0, instance:runner.TestRunnerTestng@333d4a8c]" name="runScenario" class="io.cucumber.testng.AbstractTestNGCucumberTests"/>
      </group> <!-- cucumber -->
    </groups>
    <test started-at="2023-12-07T23:32:45 EST" name="Test" finished-at="2023-12-07T23:34:51 EST" duration-ms="125105">
      <class name="runner.TestRunnerTestng">
        <test-method is-config="true" signature="setUpClass(org.testng.ITestContext)[pri:0, instance:runner.TestRunnerTestng@333d4a8c]" started-at="2023-12-07T23:32:45 EST" name="setUpClass" finished-at="2023-12-07T23:32:46 EST" duration-ms="1031" status="PASS">
          <params>
            <param index="0">
              <value>
                <![CDATA[org.testng.TestRunner@236ec69]]>
              </value>
            </param>
          </params>
          <reporter-output>
          </reporter-output>
        </test-method> <!-- setUpClass -->
        <test-method signature="runScenario(io.cucumber.testng.PickleWrapper,io.cucumber.testng.FeatureWrapper)[pri:0, instance:runner.TestRunnerTestng@333d4a8c]" started-at="2023-12-07T23:32:46 EST" name="runScenario" description="Runs Cucumber Scenarios" data-provider="scenarios" finished-at="2023-12-07T23:32:53 EST" duration-ms="6151" status="PASS">
          <params>
            <param index="0">
              <value>
                <![CDATA["Browser page"]]>
              </value>
            </param>
            <param index="1">
              <value>
                <![CDATA["A) To Automate Introduction page of DS_Algo"]]>
              </value>
            </param>
          </params>
          <reporter-output>
          </reporter-output>
        </test-method> <!-- runScenario -->
        <test-method signature="runScenario(io.cucumber.testng.PickleWrapper,io.cucumber.testng.FeatureWrapper)[pri:0, instance:runner.TestRunnerTestng@333d4a8c]" started-at="2023-12-07T23:32:53 EST" name="runScenario" description="Runs Cucumber Scenarios" data-provider="scenarios" finished-at="2023-12-07T23:32:53 EST" duration-ms="565" status="PASS">
          <params>
            <param index="0">
              <value>
                <![CDATA["DS Algo Get Started page"]]>
              </value>
            </param>
            <param index="1">
              <value>
                <![CDATA["A) To Automate Introduction page of DS_Algo"]]>
              </value>
            </param>
          </params>
          <reporter-output>
          </reporter-output>
        </test-method> <!-- runScenario -->
        <test-method signature="runScenario(io.cucumber.testng.PickleWrapper,io.cucumber.testng.FeatureWrapper)[pri:0, instance:runner.TestRunnerTestng@333d4a8c]" started-at="2023-12-07T23:32:53 EST" name="runScenario" description="Runs Cucumber Scenarios" data-provider="scenarios" finished-at="2023-12-07T23:32:53 EST" duration-ms="150" status="PASS">
          <params>
            <param index="0">
              <value>
                <![CDATA["DS Introduction page"]]>
              </value>
            </param>
            <param index="1">
              <value>
                <![CDATA["A) To Automate Introduction page of DS_Algo"]]>
              </value>
            </param>
          </params>
          <reporter-output>
          </reporter-output>
        </test-method> <!-- runScenario -->
        <test-method signature="runScenario(io.cucumber.testng.PickleWrapper,io.cucumber.testng.FeatureWrapper)[pri:0, instance:runner.TestRunnerTestng@333d4a8c]" started-at="2023-12-07T23:32:53 EST" name="runScenario" description="Runs Cucumber Scenarios" data-provider="scenarios" finished-at="2023-12-07T23:32:54 EST" duration-ms="271" status="PASS">
          <params>
            <param index="0">
              <value>
                <![CDATA["DS Introduction page"]]>
              </value>
            </param>
            <param index="1">
              <value>
                <![CDATA["A) To Automate Introduction page of DS_Algo"]]>
              </value>
            </param>
          </params>
          <reporter-output>
          </reporter-output>
        </test-method> <!-- runScenario -->
        <test-method signature="runScenario(io.cucumber.testng.PickleWrapper,io.cucumber.testng.FeatureWrapper)[pri:0, instance:runner.TestRunnerTestng@333d4a8c]" started-at="2023-12-07T23:32:54 EST" name="runScenario" description="Runs Cucumber Scenarios" data-provider="scenarios" finished-at="2023-12-07T23:32:54 EST" duration-ms="52" status="PASS">
          <params>
            <param index="0">
              <value>
                <![CDATA["DS Introduction page"]]>
              </value>
            </param>
            <param index="1">
              <value>
                <![CDATA["A) To Automate Introduction page of DS_Algo"]]>
              </value>
            </param>
          </params>
          <reporter-output>
          </reporter-output>
        </test-method> <!-- runScenario -->
        <test-method signature="runScenario(io.cucumber.testng.PickleWrapper,io.cucumber.testng.FeatureWrapper)[pri:0, instance:runner.TestRunnerTestng@333d4a8c]" started-at="2023-12-07T23:32:54 EST" name="runScenario" description="Runs Cucumber Scenarios" data-provider="scenarios" finished-at="2023-12-07T23:32:54 EST" duration-ms="257" status="PASS">
          <params>
            <param index="0">
              <value>
                <![CDATA["DS Algo Introduction Page"]]>
              </value>
            </param>
            <param index="1">
              <value>
                <![CDATA["C)To automate Signin page of DS_Algo"]]>
              </value>
            </param>
          </params>
          <reporter-output>
          </reporter-output>
        </test-method> <!-- runScenario -->
        <test-method signature="runScenario(io.cucumber.testng.PickleWrapper,io.cucumber.testng.FeatureWrapper)[pri:0, instance:runner.TestRunnerTestng@333d4a8c]" started-at="2023-12-07T23:32:54 EST" name="runScenario" description="Runs Cucumber Scenarios" data-provider="scenarios" finished-at="2023-12-07T23:32:54 EST" duration-ms="220" status="PASS">
          <params>
            <param index="0">
              <value>
                <![CDATA["DS Algo Introduction Page"]]>
              </value>
            </param>
            <param index="1">
              <value>
                <![CDATA["C)To automate Signin page of DS_Algo"]]>
              </value>
            </param>
          </params>
          <reporter-output>
          </reporter-output>
        </test-method> <!-- runScenario -->
        <test-method signature="runScenario(io.cucumber.testng.PickleWrapper,io.cucumber.testng.FeatureWrapper)[pri:0, instance:runner.TestRunnerTestng@333d4a8c]" started-at="2023-12-07T23:32:54 EST" name="runScenario" description="Runs Cucumber Scenarios" data-provider="scenarios" finished-at="2023-12-07T23:32:54 EST" duration-ms="262" status="PASS">
          <params>
            <param index="0">
              <value>
                <![CDATA["DS Algo Introduction Page"]]>
              </value>
            </param>
            <param index="1">
              <value>
                <![CDATA["C)To automate Signin page of DS_Algo"]]>
              </value>
            </param>
          </params>
          <reporter-output>
          </reporter-output>
        </test-method> <!-- runScenario -->
        <test-method signature="runScenario(io.cucumber.testng.PickleWrapper,io.cucumber.testng.FeatureWrapper)[pri:0, instance:runner.TestRunnerTestng@333d4a8c]" started-at="2023-12-07T23:32:54 EST" name="runScenario" description="Runs Cucumber Scenarios" data-provider="scenarios" finished-at="2023-12-07T23:32:55 EST" duration-ms="210" status="PASS">
          <params>
            <param index="0">
              <value>
                <![CDATA["DS Algo Introduction Page"]]>
              </value>
            </param>
            <param index="1">
              <value>
                <![CDATA["C)To automate Signin page of DS_Algo"]]>
              </value>
            </param>
          </params>
          <reporter-output>
          </reporter-output>
        </test-method> <!-- runScenario -->
        <test-method signature="runScenario(io.cucumber.testng.PickleWrapper,io.cucumber.testng.FeatureWrapper)[pri:0, instance:runner.TestRunnerTestng@333d4a8c]" started-at="2023-12-07T23:32:55 EST" name="runScenario" description="Runs Cucumber Scenarios" data-provider="scenarios" finished-at="2023-12-07T23:32:55 EST" duration-ms="493" status="PASS">
          <params>
            <param index="0">
              <value>
                <![CDATA["DS Algo Introduction Page"]]>
              </value>
            </param>
            <param index="1">
              <value>
                <![CDATA["C)To automate Signin page of DS_Algo"]]>
              </value>
            </param>
          </params>
          <reporter-output>
          </reporter-output>
        </test-method> <!-- runScenario -->
        <test-method signature="runScenario(io.cucumber.testng.PickleWrapper,io.cucumber.testng.FeatureWrapper)[pri:0, instance:runner.TestRunnerTestng@333d4a8c]" started-at="2023-12-07T23:32:55 EST" name="runScenario" description="Runs Cucumber Scenarios" data-provider="scenarios" finished-at="2023-12-07T23:32:55 EST" duration-ms="220" status="PASS">
          <params>
            <param index="0">
              <value>
                <![CDATA["DS Algo Introduction Page"]]>
              </value>
            </param>
            <param index="1">
              <value>
                <![CDATA["C)To automate Signin page of DS_Algo"]]>
              </value>
            </param>
          </params>
          <reporter-output>
          </reporter-output>
        </test-method> <!-- runScenario -->
        <test-method signature="runScenario(io.cucumber.testng.PickleWrapper,io.cucumber.testng.FeatureWrapper)[pri:0, instance:runner.TestRunnerTestng@333d4a8c]" started-at="2023-12-07T23:32:55 EST" name="runScenario" description="Runs Cucumber Scenarios" data-provider="scenarios" finished-at="2023-12-07T23:32:56 EST" duration-ms="405" status="PASS">
          <params>
            <param index="0">
              <value>
                <![CDATA["DS Algo Introduction Page"]]>
              </value>
            </param>
            <param index="1">
              <value>
                <![CDATA["C)To automate Signin page of DS_Algo"]]>
              </value>
            </param>
          </params>
          <reporter-output>
          </reporter-output>
        </test-method> <!-- runScenario -->
        <test-method signature="runScenario(io.cucumber.testng.PickleWrapper,io.cucumber.testng.FeatureWrapper)[pri:0, instance:runner.TestRunnerTestng@333d4a8c]" started-at="2023-12-07T23:32:56 EST" name="runScenario" description="Runs Cucumber Scenarios" data-provider="scenarios" finished-at="2023-12-07T23:32:56 EST" duration-ms="547" status="PASS">
          <params>
            <param index="0">
              <value>
                <![CDATA["DS Algo Introduction Page"]]>
              </value>
            </param>
            <param index="1">
              <value>
                <![CDATA["C)To automate Signin page of DS_Algo"]]>
              </value>
            </param>
          </params>
          <reporter-output>
          </reporter-output>
        </test-method> <!-- runScenario -->
        <test-method signature="runScenario(io.cucumber.testng.PickleWrapper,io.cucumber.testng.FeatureWrapper)[pri:0, instance:runner.TestRunnerTestng@333d4a8c]" started-at="2023-12-07T23:32:56 EST" name="runScenario" description="Runs Cucumber Scenarios" data-provider="scenarios" finished-at="2023-12-07T23:32:57 EST" duration-ms="355" status="PASS">
          <params>
            <param index="0">
              <value>
                <![CDATA["Home Page"]]>
              </value>
            </param>
            <param index="1">
              <value>
                <![CDATA["D)To Automate the page of Data Structure"]]>
              </value>
            </param>
          </params>
          <reporter-output>
          </reporter-output>
        </test-method> <!-- runScenario -->
        <test-method signature="runScenario(io.cucumber.testng.PickleWrapper,io.cucumber.testng.FeatureWrapper)[pri:0, instance:runner.TestRunnerTestng@333d4a8c]" started-at="2023-12-07T23:32:57 EST" name="runScenario" description="Runs Cucumber Scenarios" data-provider="scenarios" finished-at="2023-12-07T23:32:57 EST" duration-ms="415" status="PASS">
          <params>
            <param index="0">
              <value>
                <![CDATA["Data Structure Home page"]]>
              </value>
            </param>
            <param index="1">
              <value>
                <![CDATA["D)To Automate the page of Data Structure"]]>
              </value>
            </param>
          </params>
          <reporter-output>
          </reporter-output>
        </test-method> <!-- runScenario -->
        <test-method signature="runScenario(io.cucumber.testng.PickleWrapper,io.cucumber.testng.FeatureWrapper)[pri:0, instance:runner.TestRunnerTestng@333d4a8c]" started-at="2023-12-07T23:32:57 EST" name="runScenario" description="Runs Cucumber Scenarios" data-provider="scenarios" finished-at="2023-12-07T23:32:57 EST" duration-ms="70" status="PASS">
          <params>
            <param index="0">
              <value>
                <![CDATA["Time Complexity Page"]]>
              </value>
            </param>
            <param index="1">
              <value>
                <![CDATA["D)To Automate the page of Data Structure"]]>
              </value>
            </param>
          </params>
          <reporter-output>
          </reporter-output>
        </test-method> <!-- runScenario -->
        <test-method signature="runScenario(io.cucumber.testng.PickleWrapper,io.cucumber.testng.FeatureWrapper)[pri:0, instance:runner.TestRunnerTestng@333d4a8c]" started-at="2023-12-07T23:32:57 EST" name="runScenario" description="Runs Cucumber Scenarios" data-provider="scenarios" finished-at="2023-12-07T23:32:58 EST" duration-ms="912" status="PASS">
          <params>
            <param index="0">
              <value>
                <![CDATA["Python Editor page without data"]]>
              </value>
            </param>
            <param index="1">
              <value>
                <![CDATA["D)To Automate the page of Data Structure"]]>
              </value>
            </param>
          </params>
          <reporter-output>
          </reporter-output>
        </test-method> <!-- runScenario -->
        <test-method signature="runScenario(io.cucumber.testng.PickleWrapper,io.cucumber.testng.FeatureWrapper)[pri:0, instance:runner.TestRunnerTestng@333d4a8c]" started-at="2023-12-07T23:32:58 EST" name="runScenario" description="Runs Cucumber Scenarios" data-provider="scenarios" finished-at="2023-12-07T23:33:00 EST" duration-ms="2272" status="PASS">
          <params>
            <param index="0">
              <value>
                <![CDATA["Python Editor page with Invalid data"]]>
              </value>
            </param>
            <param index="1">
              <value>
                <![CDATA["D)To Automate the page of Data Structure"]]>
              </value>
            </param>
          </params>
          <reporter-output>
          </reporter-output>
        </test-method> <!-- runScenario -->
        <test-method signature="runScenario(io.cucumber.testng.PickleWrapper,io.cucumber.testng.FeatureWrapper)[pri:0, instance:runner.TestRunnerTestng@333d4a8c]" started-at="2023-12-07T23:33:00 EST" name="runScenario" description="Runs Cucumber Scenarios" data-provider="scenarios" finished-at="2023-12-07T23:33:01 EST" duration-ms="793" status="PASS">
          <params>
            <param index="0">
              <value>
                <![CDATA["Python Editor page with valid data"]]>
              </value>
            </param>
            <param index="1">
              <value>
                <![CDATA["D)To Automate the page of Data Structure"]]>
              </value>
            </param>
          </params>
          <reporter-output>
          </reporter-output>
        </test-method> <!-- runScenario -->
        <test-method signature="runScenario(io.cucumber.testng.PickleWrapper,io.cucumber.testng.FeatureWrapper)[pri:0, instance:runner.TestRunnerTestng@333d4a8c]" started-at="2023-12-07T23:33:01 EST" name="runScenario" description="Runs Cucumber Scenarios" data-provider="scenarios" finished-at="2023-12-07T23:33:01 EST" duration-ms="200" status="PASS">
          <params>
            <param index="0">
              <value>
                <![CDATA["User go back to the previous page"]]>
              </value>
            </param>
            <param index="1">
              <value>
                <![CDATA["D)To Automate the page of Data Structure"]]>
              </value>
            </param>
          </params>
          <reporter-output>
          </reporter-output>
        </test-method> <!-- runScenario -->
        <test-method signature="runScenario(io.cucumber.testng.PickleWrapper,io.cucumber.testng.FeatureWrapper)[pri:0, instance:runner.TestRunnerTestng@333d4a8c]" started-at="2023-12-07T23:33:01 EST" name="runScenario" description="Runs Cucumber Scenarios" data-provider="scenarios" finished-at="2023-12-07T23:33:02 EST" duration-ms="363" status="FAIL">
          <params>
            <param index="0">
              <value>
                <![CDATA["Time Complexity Page"]]>
              </value>
            </param>
            <param index="1">
              <value>
                <![CDATA["D)To Automate the page of Data Structure"]]>
              </value>
            </param>
          </params>
          <exception class="java.lang.AssertionError">
            <message>
              <![CDATA[expected [true] but found [false]]]>
            </message>
            <full-stacktrace>
              <![CDATA[java.lang.AssertionError: expected [true] but found [false]
at org.testng.Assert.fail(Assert.java:111)
at org.testng.Assert.failNotEquals(Assert.java:1578)
at org.testng.Assert.assertEqualsImpl(Assert.java:150)
at org.testng.Assert.assertEquals(Assert.java:132)
at org.testng.Assert.assertEquals(Assert.java:1067)
at org.testng.Assert.assertEquals(Assert.java:1031)
at org.testng.Assert.assertEquals(Assert.java:1077)
at stepDefinition.ds_AlgoDataStructInt.the_user_does_not_find_any_practice_problems_and_the_page_is_null(ds_AlgoDataStructInt.java:101)
at ✽.The user does not find any practice problems and the page is null(file:///C:/Users/enggn/eclipse-workspace/DSAlgo_Cucumber/src/test/resources/Features/04_dsDataStructInt.feature:58)
]]>
            </full-stacktrace>
          </exception> <!-- java.lang.AssertionError -->
          <reporter-output>
          </reporter-output>
        </test-method> <!-- runScenario -->
        <test-method signature="runScenario(io.cucumber.testng.PickleWrapper,io.cucumber.testng.FeatureWrapper)[pri:0, instance:runner.TestRunnerTestng@333d4a8c]" started-at="2023-12-07T23:33:02 EST" name="runScenario" description="Runs Cucumber Scenarios" data-provider="scenarios" finished-at="2023-12-07T23:33:02 EST" duration-ms="395" status="PASS">
          <params>
            <param index="0">
              <value>
                <![CDATA["Home Page"]]>
              </value>
            </param>
            <param index="1">
              <value>
                <![CDATA["E) To Automate the page of Array"]]>
              </value>
            </param>
          </params>
          <reporter-output>
          </reporter-output>
        </test-method> <!-- runScenario -->
        <test-method signature="runScenario(io.cucumber.testng.PickleWrapper,io.cucumber.testng.FeatureWrapper)[pri:0, instance:runner.TestRunnerTestng@333d4a8c]" started-at="2023-12-07T23:33:02 EST" name="runScenario" description="Runs Cucumber Scenarios" data-provider="scenarios" finished-at="2023-12-07T23:33:03 EST" duration-ms="409" status="PASS">
          <params>
            <param index="0">
              <value>
                <![CDATA["Array Page"]]>
              </value>
            </param>
            <param index="1">
              <value>
                <![CDATA["E) To Automate the page of Array"]]>
              </value>
            </param>
          </params>
          <reporter-output>
          </reporter-output>
        </test-method> <!-- runScenario -->
        <test-method signature="runScenario(io.cucumber.testng.PickleWrapper,io.cucumber.testng.FeatureWrapper)[pri:0, instance:runner.TestRunnerTestng@333d4a8c]" started-at="2023-12-07T23:33:03 EST" name="runScenario" description="Runs Cucumber Scenarios" data-provider="scenarios" finished-at="2023-12-07T23:33:03 EST" duration-ms="269" status="PASS">
          <params>
            <param index="0">
              <value>
                <![CDATA["Array Page"]]>
              </value>
            </param>
            <param index="1">
              <value>
                <![CDATA["E) To Automate the page of Array"]]>
              </value>
            </param>
          </params>
          <reporter-output>
          </reporter-output>
        </test-method> <!-- runScenario -->
        <test-method signature="runScenario(io.cucumber.testng.PickleWrapper,io.cucumber.testng.FeatureWrapper)[pri:0, instance:runner.TestRunnerTestng@333d4a8c]" started-at="2023-12-07T23:33:03 EST" name="runScenario" description="Runs Cucumber Scenarios" data-provider="scenarios" finished-at="2023-12-07T23:33:03 EST" duration-ms="419" status="PASS">
          <params>
            <param index="0">
              <value>
                <![CDATA["Python Editor page without data"]]>
              </value>
            </param>
            <param index="1">
              <value>
                <![CDATA["E) To Automate the page of Array"]]>
              </value>
            </param>
          </params>
          <reporter-output>
          </reporter-output>
        </test-method> <!-- runScenario -->
        <test-method signature="runScenario(io.cucumber.testng.PickleWrapper,io.cucumber.testng.FeatureWrapper)[pri:0, instance:runner.TestRunnerTestng@333d4a8c]" started-at="2023-12-07T23:33:03 EST" name="runScenario" description="Runs Cucumber Scenarios" data-provider="scenarios" finished-at="2023-12-07T23:33:04 EST" duration-ms="886" status="PASS">
          <params>
            <param index="0">
              <value>
                <![CDATA["Python Editor page with Invalid data"]]>
              </value>
            </param>
            <param index="1">
              <value>
                <![CDATA["E) To Automate the page of Array"]]>
              </value>
            </param>
          </params>
          <reporter-output>
          </reporter-output>
        </test-method> <!-- runScenario -->
        <test-method signature="runScenario(io.cucumber.testng.PickleWrapper,io.cucumber.testng.FeatureWrapper)[pri:0, instance:runner.TestRunnerTestng@333d4a8c]" started-at="2023-12-07T23:33:04 EST" name="runScenario" description="Runs Cucumber Scenarios" data-provider="scenarios" finished-at="2023-12-07T23:33:05 EST" duration-ms="683" status="PASS">
          <params>
            <param index="0">
              <value>
                <![CDATA["Python Editor page with valid data"]]>
              </value>
            </param>
            <param index="1">
              <value>
                <![CDATA["E) To Automate the page of Array"]]>
              </value>
            </param>
          </params>
          <reporter-output>
          </reporter-output>
        </test-method> <!-- runScenario -->
        <test-method signature="runScenario(io.cucumber.testng.PickleWrapper,io.cucumber.testng.FeatureWrapper)[pri:0, instance:runner.TestRunnerTestng@333d4a8c]" started-at="2023-12-07T23:33:05 EST" name="runScenario" description="Runs Cucumber Scenarios" data-provider="scenarios" finished-at="2023-12-07T23:33:05 EST" duration-ms="227" status="PASS">
          <params>
            <param index="0">
              <value>
                <![CDATA["User go back to the previous page"]]>
              </value>
            </param>
            <param index="1">
              <value>
                <![CDATA["E) To Automate the page of Array"]]>
              </value>
            </param>
          </params>
          <reporter-output>
          </reporter-output>
        </test-method> <!-- runScenario -->
        <test-method signature="runScenario(io.cucumber.testng.PickleWrapper,io.cucumber.testng.FeatureWrapper)[pri:0, instance:runner.TestRunnerTestng@333d4a8c]" started-at="2023-12-07T23:33:05 EST" name="runScenario" description="Runs Cucumber Scenarios" data-provider="scenarios" finished-at="2023-12-07T23:33:06 EST" duration-ms="493" status="PASS">
          <params>
            <param index="0">
              <value>
                <![CDATA["Array in Python Page"]]>
              </value>
            </param>
            <param index="1">
              <value>
                <![CDATA["E) To Automate the page of Array"]]>
              </value>
            </param>
          </params>
          <reporter-output>
          </reporter-output>
        </test-method> <!-- runScenario -->
        <test-method signature="runScenario(io.cucumber.testng.PickleWrapper,io.cucumber.testng.FeatureWrapper)[pri:0, instance:runner.TestRunnerTestng@333d4a8c]" started-at="2023-12-07T23:33:06 EST" name="runScenario" description="Runs Cucumber Scenarios" data-provider="scenarios" finished-at="2023-12-07T23:33:06 EST" duration-ms="328" status="PASS">
          <params>
            <param index="0">
              <value>
                <![CDATA["Array Using List Page"]]>
              </value>
            </param>
            <param index="1">
              <value>
                <![CDATA["E) To Automate the page of Array"]]>
              </value>
            </param>
          </params>
          <reporter-output>
          </reporter-output>
        </test-method> <!-- runScenario -->
        <test-method signature="runScenario(io.cucumber.testng.PickleWrapper,io.cucumber.testng.FeatureWrapper)[pri:0, instance:runner.TestRunnerTestng@333d4a8c]" started-at="2023-12-07T23:33:06 EST" name="runScenario" description="Runs Cucumber Scenarios" data-provider="scenarios" finished-at="2023-12-07T23:33:07 EST" duration-ms="619" status="PASS">
          <params>
            <param index="0">
              <value>
                <![CDATA["Python Editor page without data"]]>
              </value>
            </param>
            <param index="1">
              <value>
                <![CDATA["E) To Automate the page of Array"]]>
              </value>
            </param>
          </params>
          <reporter-output>
          </reporter-output>
        </test-method> <!-- runScenario -->
        <test-method signature="runScenario(io.cucumber.testng.PickleWrapper,io.cucumber.testng.FeatureWrapper)[pri:0, instance:runner.TestRunnerTestng@333d4a8c]" started-at="2023-12-07T23:33:07 EST" name="runScenario" description="Runs Cucumber Scenarios" data-provider="scenarios" finished-at="2023-12-07T23:33:07 EST" duration-ms="654" status="PASS">
          <params>
            <param index="0">
              <value>
                <![CDATA["Python Editor page with Invalid data"]]>
              </value>
            </param>
            <param index="1">
              <value>
                <![CDATA["E) To Automate the page of Array"]]>
              </value>
            </param>
          </params>
          <reporter-output>
          </reporter-output>
        </test-method> <!-- runScenario -->
        <test-method signature="runScenario(io.cucumber.testng.PickleWrapper,io.cucumber.testng.FeatureWrapper)[pri:0, instance:runner.TestRunnerTestng@333d4a8c]" started-at="2023-12-07T23:33:07 EST" name="runScenario" description="Runs Cucumber Scenarios" data-provider="scenarios" finished-at="2023-12-07T23:33:08 EST" duration-ms="539" status="PASS">
          <params>
            <param index="0">
              <value>
                <![CDATA["Python Editor page with valid data"]]>
              </value>
            </param>
            <param index="1">
              <value>
                <![CDATA["E) To Automate the page of Array"]]>
              </value>
            </param>
          </params>
          <reporter-output>
          </reporter-output>
        </test-method> <!-- runScenario -->
        <test-method signature="runScenario(io.cucumber.testng.PickleWrapper,io.cucumber.testng.FeatureWrapper)[pri:0, instance:runner.TestRunnerTestng@333d4a8c]" started-at="2023-12-07T23:33:08 EST" name="runScenario" description="Runs Cucumber Scenarios" data-provider="scenarios" finished-at="2023-12-07T23:33:08 EST" duration-ms="172" status="PASS">
          <params>
            <param index="0">
              <value>
                <![CDATA["User go back to the previous page"]]>
              </value>
            </param>
            <param index="1">
              <value>
                <![CDATA["E) To Automate the page of Array"]]>
              </value>
            </param>
          </params>
          <reporter-output>
          </reporter-output>
        </test-method> <!-- runScenario -->
        <test-method signature="runScenario(io.cucumber.testng.PickleWrapper,io.cucumber.testng.FeatureWrapper)[pri:0, instance:runner.TestRunnerTestng@333d4a8c]" started-at="2023-12-07T23:33:08 EST" name="runScenario" description="Runs Cucumber Scenarios" data-provider="scenarios" finished-at="2023-12-07T23:33:08 EST" duration-ms="287" status="PASS">
          <params>
            <param index="0">
              <value>
                <![CDATA["Array Using List Page"]]>
              </value>
            </param>
            <param index="1">
              <value>
                <![CDATA["E) To Automate the page of Array"]]>
              </value>
            </param>
          </params>
          <reporter-output>
          </reporter-output>
        </test-method> <!-- runScenario -->
        <test-method signature="runScenario(io.cucumber.testng.PickleWrapper,io.cucumber.testng.FeatureWrapper)[pri:0, instance:runner.TestRunnerTestng@333d4a8c]" started-at="2023-12-07T23:33:08 EST" name="runScenario" description="Runs Cucumber Scenarios" data-provider="scenarios" finished-at="2023-12-07T23:33:09 EST" duration-ms="270" status="PASS">
          <params>
            <param index="0">
              <value>
                <![CDATA["Basic operations in Lists page"]]>
              </value>
            </param>
            <param index="1">
              <value>
                <![CDATA["E) To Automate the page of Array"]]>
              </value>
            </param>
          </params>
          <reporter-output>
          </reporter-output>
        </test-method> <!-- runScenario -->
        <test-method signature="runScenario(io.cucumber.testng.PickleWrapper,io.cucumber.testng.FeatureWrapper)[pri:0, instance:runner.TestRunnerTestng@333d4a8c]" started-at="2023-12-07T23:33:09 EST" name="runScenario" description="Runs Cucumber Scenarios" data-provider="scenarios" finished-at="2023-12-07T23:33:09 EST" duration-ms="442" status="PASS">
          <params>
            <param index="0">
              <value>
                <![CDATA["Python Editor page without data"]]>
              </value>
            </param>
            <param index="1">
              <value>
                <![CDATA["E) To Automate the page of Array"]]>
              </value>
            </param>
          </params>
          <reporter-output>
          </reporter-output>
        </test-method> <!-- runScenario -->
        <test-method signature="runScenario(io.cucumber.testng.PickleWrapper,io.cucumber.testng.FeatureWrapper)[pri:0, instance:runner.TestRunnerTestng@333d4a8c]" started-at="2023-12-07T23:33:09 EST" name="runScenario" description="Runs Cucumber Scenarios" data-provider="scenarios" finished-at="2023-12-07T23:33:10 EST" duration-ms="713" status="PASS">
          <params>
            <param index="0">
              <value>
                <![CDATA["Python Editor page with Invalid data"]]>
              </value>
            </param>
            <param index="1">
              <value>
                <![CDATA["E) To Automate the page of Array"]]>
              </value>
            </param>
          </params>
          <reporter-output>
          </reporter-output>
        </test-method> <!-- runScenario -->
        <test-method signature="runScenario(io.cucumber.testng.PickleWrapper,io.cucumber.testng.FeatureWrapper)[pri:0, instance:runner.TestRunnerTestng@333d4a8c]" started-at="2023-12-07T23:33:10 EST" name="runScenario" description="Runs Cucumber Scenarios" data-provider="scenarios" finished-at="2023-12-07T23:33:10 EST" duration-ms="650" status="PASS">
          <params>
            <param index="0">
              <value>
                <![CDATA["Python Editor page with valid data"]]>
              </value>
            </param>
            <param index="1">
              <value>
                <![CDATA["E) To Automate the page of Array"]]>
              </value>
            </param>
          </params>
          <reporter-output>
          </reporter-output>
        </test-method> <!-- runScenario -->
        <test-method signature="runScenario(io.cucumber.testng.PickleWrapper,io.cucumber.testng.FeatureWrapper)[pri:0, instance:runner.TestRunnerTestng@333d4a8c]" started-at="2023-12-07T23:33:10 EST" name="runScenario" description="Runs Cucumber Scenarios" data-provider="scenarios" finished-at="2023-12-07T23:33:11 EST" duration-ms="200" status="PASS">
          <params>
            <param index="0">
              <value>
                <![CDATA["User go back to the previous page"]]>
              </value>
            </param>
            <param index="1">
              <value>
                <![CDATA["E) To Automate the page of Array"]]>
              </value>
            </param>
          </params>
          <reporter-output>
          </reporter-output>
        </test-method> <!-- runScenario -->
        <test-method signature="runScenario(io.cucumber.testng.PickleWrapper,io.cucumber.testng.FeatureWrapper)[pri:0, instance:runner.TestRunnerTestng@333d4a8c]" started-at="2023-12-07T23:33:11 EST" name="runScenario" description="Runs Cucumber Scenarios" data-provider="scenarios" finished-at="2023-12-07T23:33:11 EST" duration-ms="263" status="PASS">
          <params>
            <param index="0">
              <value>
                <![CDATA["Basic operations in Lists page"]]>
              </value>
            </param>
            <param index="1">
              <value>
                <![CDATA["E) To Automate the page of Array"]]>
              </value>
            </param>
          </params>
          <reporter-output>
          </reporter-output>
        </test-method> <!-- runScenario -->
        <test-method signature="runScenario(io.cucumber.testng.PickleWrapper,io.cucumber.testng.FeatureWrapper)[pri:0, instance:runner.TestRunnerTestng@333d4a8c]" started-at="2023-12-07T23:33:11 EST" name="runScenario" description="Runs Cucumber Scenarios" data-provider="scenarios" finished-at="2023-12-07T23:33:11 EST" duration-ms="288" status="PASS">
          <params>
            <param index="0">
              <value>
                <![CDATA["Application of Array page"]]>
              </value>
            </param>
            <param index="1">
              <value>
                <![CDATA["E) To Automate the page of Array"]]>
              </value>
            </param>
          </params>
          <reporter-output>
          </reporter-output>
        </test-method> <!-- runScenario -->
        <test-method signature="runScenario(io.cucumber.testng.PickleWrapper,io.cucumber.testng.FeatureWrapper)[pri:0, instance:runner.TestRunnerTestng@333d4a8c]" started-at="2023-12-07T23:33:11 EST" name="runScenario" description="Runs Cucumber Scenarios" data-provider="scenarios" finished-at="2023-12-07T23:33:11 EST" duration-ms="317" status="PASS">
          <params>
            <param index="0">
              <value>
                <![CDATA["Practice Questions page"]]>
              </value>
            </param>
            <param index="1">
              <value>
                <![CDATA["E) To Automate the page of Array"]]>
              </value>
            </param>
          </params>
          <reporter-output>
          </reporter-output>
        </test-method> <!-- runScenario -->
        <test-method signature="runScenario(io.cucumber.testng.PickleWrapper,io.cucumber.testng.FeatureWrapper)[pri:0, instance:runner.TestRunnerTestng@333d4a8c]" started-at="2023-12-07T23:33:11 EST" name="runScenario" description="Runs Cucumber Scenarios" data-provider="scenarios" finished-at="2023-12-07T23:33:12 EST" duration-ms="427" status="PASS">
          <params>
            <param index="0">
              <value>
                <![CDATA["Python Editor page without data"]]>
              </value>
            </param>
            <param index="1">
              <value>
                <![CDATA["E) To Automate the page of Array"]]>
              </value>
            </param>
          </params>
          <reporter-output>
          </reporter-output>
        </test-method> <!-- runScenario -->
        <test-method signature="runScenario(io.cucumber.testng.PickleWrapper,io.cucumber.testng.FeatureWrapper)[pri:0, instance:runner.TestRunnerTestng@333d4a8c]" started-at="2023-12-07T23:33:12 EST" name="runScenario" description="Runs Cucumber Scenarios" data-provider="scenarios" finished-at="2023-12-07T23:33:12 EST" duration-ms="575" status="PASS">
          <params>
            <param index="0">
              <value>
                <![CDATA["Python Editor page with Invalid data"]]>
              </value>
            </param>
            <param index="1">
              <value>
                <![CDATA["E) To Automate the page of Array"]]>
              </value>
            </param>
          </params>
          <reporter-output>
          </reporter-output>
        </test-method> <!-- runScenario -->
        <test-method signature="runScenario(io.cucumber.testng.PickleWrapper,io.cucumber.testng.FeatureWrapper)[pri:0, instance:runner.TestRunnerTestng@333d4a8c]" started-at="2023-12-07T23:33:12 EST" name="runScenario" description="Runs Cucumber Scenarios" data-provider="scenarios" finished-at="2023-12-07T23:33:13 EST" duration-ms="1074" status="PASS">
          <params>
            <param index="0">
              <value>
                <![CDATA["Python Editor page with valid data"]]>
              </value>
            </param>
            <param index="1">
              <value>
                <![CDATA["E) To Automate the page of Array"]]>
              </value>
            </param>
          </params>
          <reporter-output>
          </reporter-output>
        </test-method> <!-- runScenario -->
        <test-method signature="runScenario(io.cucumber.testng.PickleWrapper,io.cucumber.testng.FeatureWrapper)[pri:0, instance:runner.TestRunnerTestng@333d4a8c]" started-at="2023-12-07T23:33:13 EST" name="runScenario" description="Runs Cucumber Scenarios" data-provider="scenarios" finished-at="2023-12-07T23:33:14 EST" duration-ms="295" status="PASS">
          <params>
            <param index="0">
              <value>
                <![CDATA["User go back to the previous page"]]>
              </value>
            </param>
            <param index="1">
              <value>
                <![CDATA["E) To Automate the page of Array"]]>
              </value>
            </param>
          </params>
          <reporter-output>
          </reporter-output>
        </test-method> <!-- runScenario -->
        <test-method signature="runScenario(io.cucumber.testng.PickleWrapper,io.cucumber.testng.FeatureWrapper)[pri:0, instance:runner.TestRunnerTestng@333d4a8c]" started-at="2023-12-07T23:33:14 EST" name="runScenario" description="Runs Cucumber Scenarios" data-provider="scenarios" finished-at="2023-12-07T23:33:14 EST" duration-ms="520" status="PASS">
          <params>
            <param index="0">
              <value>
                <![CDATA["Practice Questions page"]]>
              </value>
            </param>
            <param index="1">
              <value>
                <![CDATA["E) To Automate the page of Array"]]>
              </value>
            </param>
          </params>
          <reporter-output>
          </reporter-output>
        </test-method> <!-- runScenario -->
        <test-method signature="runScenario(io.cucumber.testng.PickleWrapper,io.cucumber.testng.FeatureWrapper)[pri:0, instance:runner.TestRunnerTestng@333d4a8c]" started-at="2023-12-07T23:33:14 EST" name="runScenario" description="Runs Cucumber Scenarios" data-provider="scenarios" finished-at="2023-12-07T23:33:15 EST" duration-ms="962" status="PASS">
          <params>
            <param index="0">
              <value>
                <![CDATA["Python Editor page without data"]]>
              </value>
            </param>
            <param index="1">
              <value>
                <![CDATA["E) To Automate the page of Array"]]>
              </value>
            </param>
          </params>
          <reporter-output>
          </reporter-output>
        </test-method> <!-- runScenario -->
        <test-method signature="runScenario(io.cucumber.testng.PickleWrapper,io.cucumber.testng.FeatureWrapper)[pri:0, instance:runner.TestRunnerTestng@333d4a8c]" started-at="2023-12-07T23:33:15 EST" name="runScenario" description="Runs Cucumber Scenarios" data-provider="scenarios" finished-at="2023-12-07T23:33:16 EST" duration-ms="569" status="PASS">
          <params>
            <param index="0">
              <value>
                <![CDATA["Python Editor page with Invalid data"]]>
              </value>
            </param>
            <param index="1">
              <value>
                <![CDATA["E) To Automate the page of Array"]]>
              </value>
            </param>
          </params>
          <reporter-output>
          </reporter-output>
        </test-method> <!-- runScenario -->
        <test-method signature="runScenario(io.cucumber.testng.PickleWrapper,io.cucumber.testng.FeatureWrapper)[pri:0, instance:runner.TestRunnerTestng@333d4a8c]" started-at="2023-12-07T23:33:16 EST" name="runScenario" description="Runs Cucumber Scenarios" data-provider="scenarios" finished-at="2023-12-07T23:33:17 EST" duration-ms="544" status="PASS">
          <params>
            <param index="0">
              <value>
                <![CDATA["Python Editor page with valid data"]]>
              </value>
            </param>
            <param index="1">
              <value>
                <![CDATA["E) To Automate the page of Array"]]>
              </value>
            </param>
          </params>
          <reporter-output>
          </reporter-output>
        </test-method> <!-- runScenario -->
        <test-method signature="runScenario(io.cucumber.testng.PickleWrapper,io.cucumber.testng.FeatureWrapper)[pri:0, instance:runner.TestRunnerTestng@333d4a8c]" started-at="2023-12-07T23:33:17 EST" name="runScenario" description="Runs Cucumber Scenarios" data-provider="scenarios" finished-at="2023-12-07T23:33:17 EST" duration-ms="169" status="PASS">
          <params>
            <param index="0">
              <value>
                <![CDATA["User go back to the previous page"]]>
              </value>
            </param>
            <param index="1">
              <value>
                <![CDATA["E) To Automate the page of Array"]]>
              </value>
            </param>
          </params>
          <reporter-output>
          </reporter-output>
        </test-method> <!-- runScenario -->
        <test-method signature="runScenario(io.cucumber.testng.PickleWrapper,io.cucumber.testng.FeatureWrapper)[pri:0, instance:runner.TestRunnerTestng@333d4a8c]" started-at="2023-12-07T23:33:17 EST" name="runScenario" description="Runs Cucumber Scenarios" data-provider="scenarios" finished-at="2023-12-07T23:33:17 EST" duration-ms="264" status="PASS">
          <params>
            <param index="0">
              <value>
                <![CDATA["Practice Questions page"]]>
              </value>
            </param>
            <param index="1">
              <value>
                <![CDATA["E) To Automate the page of Array"]]>
              </value>
            </param>
          </params>
          <reporter-output>
          </reporter-output>
        </test-method> <!-- runScenario -->
        <test-method signature="runScenario(io.cucumber.testng.PickleWrapper,io.cucumber.testng.FeatureWrapper)[pri:0, instance:runner.TestRunnerTestng@333d4a8c]" started-at="2023-12-07T23:33:17 EST" name="runScenario" description="Runs Cucumber Scenarios" data-provider="scenarios" finished-at="2023-12-07T23:33:17 EST" duration-ms="394" status="PASS">
          <params>
            <param index="0">
              <value>
                <![CDATA["Python Editor page without data"]]>
              </value>
            </param>
            <param index="1">
              <value>
                <![CDATA["E) To Automate the page of Array"]]>
              </value>
            </param>
          </params>
          <reporter-output>
          </reporter-output>
        </test-method> <!-- runScenario -->
        <test-method signature="runScenario(io.cucumber.testng.PickleWrapper,io.cucumber.testng.FeatureWrapper)[pri:0, instance:runner.TestRunnerTestng@333d4a8c]" started-at="2023-12-07T23:33:17 EST" name="runScenario" description="Runs Cucumber Scenarios" data-provider="scenarios" finished-at="2023-12-07T23:33:18 EST" duration-ms="528" status="PASS">
          <params>
            <param index="0">
              <value>
                <![CDATA["Python Editor page with Invalid data"]]>
              </value>
            </param>
            <param index="1">
              <value>
                <![CDATA["E) To Automate the page of Array"]]>
              </value>
            </param>
          </params>
          <reporter-output>
          </reporter-output>
        </test-method> <!-- runScenario -->
        <test-method signature="runScenario(io.cucumber.testng.PickleWrapper,io.cucumber.testng.FeatureWrapper)[pri:0, instance:runner.TestRunnerTestng@333d4a8c]" started-at="2023-12-07T23:33:18 EST" name="runScenario" description="Runs Cucumber Scenarios" data-provider="scenarios" finished-at="2023-12-07T23:33:18 EST" duration-ms="511" status="PASS">
          <params>
            <param index="0">
              <value>
                <![CDATA["Python Editor page with valid data"]]>
              </value>
            </param>
            <param index="1">
              <value>
                <![CDATA["E) To Automate the page of Array"]]>
              </value>
            </param>
          </params>
          <reporter-output>
          </reporter-output>
        </test-method> <!-- runScenario -->
        <test-method signature="runScenario(io.cucumber.testng.PickleWrapper,io.cucumber.testng.FeatureWrapper)[pri:0, instance:runner.TestRunnerTestng@333d4a8c]" started-at="2023-12-07T23:33:18 EST" name="runScenario" description="Runs Cucumber Scenarios" data-provider="scenarios" finished-at="2023-12-07T23:33:19 EST" duration-ms="169" status="PASS">
          <params>
            <param index="0">
              <value>
                <![CDATA["User go back to the previous page"]]>
              </value>
            </param>
            <param index="1">
              <value>
                <![CDATA["E) To Automate the page of Array"]]>
              </value>
            </param>
          </params>
          <reporter-output>
          </reporter-output>
        </test-method> <!-- runScenario -->
        <test-method signature="runScenario(io.cucumber.testng.PickleWrapper,io.cucumber.testng.FeatureWrapper)[pri:0, instance:runner.TestRunnerTestng@333d4a8c]" started-at="2023-12-07T23:33:19 EST" name="runScenario" description="Runs Cucumber Scenarios" data-provider="scenarios" finished-at="2023-12-07T23:33:19 EST" duration-ms="295" status="PASS">
          <params>
            <param index="0">
              <value>
                <![CDATA["Practice Questions page"]]>
              </value>
            </param>
            <param index="1">
              <value>
                <![CDATA["E) To Automate the page of Array"]]>
              </value>
            </param>
          </params>
          <reporter-output>
          </reporter-output>
        </test-method> <!-- runScenario -->
        <test-method signature="runScenario(io.cucumber.testng.PickleWrapper,io.cucumber.testng.FeatureWrapper)[pri:0, instance:runner.TestRunnerTestng@333d4a8c]" started-at="2023-12-07T23:33:19 EST" name="runScenario" description="Runs Cucumber Scenarios" data-provider="scenarios" finished-at="2023-12-07T23:33:20 EST" duration-ms="680" status="PASS">
          <params>
            <param index="0">
              <value>
                <![CDATA["User is on Python  editor page"]]>
              </value>
            </param>
            <param index="1">
              <value>
                <![CDATA["E) To Automate the page of Array"]]>
              </value>
            </param>
          </params>
          <reporter-output>
          </reporter-output>
        </test-method> <!-- runScenario -->
        <test-method signature="runScenario(io.cucumber.testng.PickleWrapper,io.cucumber.testng.FeatureWrapper)[pri:0, instance:runner.TestRunnerTestng@333d4a8c]" started-at="2023-12-07T23:33:20 EST" name="runScenario" description="Runs Cucumber Scenarios" data-provider="scenarios" finished-at="2023-12-07T23:33:20 EST" duration-ms="413" status="PASS">
          <params>
            <param index="0">
              <value>
                <![CDATA["Python Editor page without data"]]>
              </value>
            </param>
            <param index="1">
              <value>
                <![CDATA["E) To Automate the page of Array"]]>
              </value>
            </param>
          </params>
          <reporter-output>
          </reporter-output>
        </test-method> <!-- runScenario -->
        <test-method signature="runScenario(io.cucumber.testng.PickleWrapper,io.cucumber.testng.FeatureWrapper)[pri:0, instance:runner.TestRunnerTestng@333d4a8c]" started-at="2023-12-07T23:33:20 EST" name="runScenario" description="Runs Cucumber Scenarios" data-provider="scenarios" finished-at="2023-12-07T23:33:21 EST" duration-ms="551" status="PASS">
          <params>
            <param index="0">
              <value>
                <![CDATA["Python Editor page with Invalid data"]]>
              </value>
            </param>
            <param index="1">
              <value>
                <![CDATA["E) To Automate the page of Array"]]>
              </value>
            </param>
          </params>
          <reporter-output>
          </reporter-output>
        </test-method> <!-- runScenario -->
        <test-method signature="runScenario(io.cucumber.testng.PickleWrapper,io.cucumber.testng.FeatureWrapper)[pri:0, instance:runner.TestRunnerTestng@333d4a8c]" started-at="2023-12-07T23:33:21 EST" name="runScenario" description="Runs Cucumber Scenarios" data-provider="scenarios" finished-at="2023-12-07T23:33:21 EST" duration-ms="537" status="PASS">
          <params>
            <param index="0">
              <value>
                <![CDATA["Python Editor page with valid data"]]>
              </value>
            </param>
            <param index="1">
              <value>
                <![CDATA["E) To Automate the page of Array"]]>
              </value>
            </param>
          </params>
          <reporter-output>
          </reporter-output>
        </test-method> <!-- runScenario -->
        <test-method signature="runScenario(io.cucumber.testng.PickleWrapper,io.cucumber.testng.FeatureWrapper)[pri:0, instance:runner.TestRunnerTestng@333d4a8c]" started-at="2023-12-07T23:33:21 EST" name="runScenario" description="Runs Cucumber Scenarios" data-provider="scenarios" finished-at="2023-12-07T23:33:21 EST" duration-ms="124" status="PASS">
          <params>
            <param index="0">
              <value>
                <![CDATA["User go back to the DSHome page"]]>
              </value>
            </param>
            <param index="1">
              <value>
                <![CDATA["E) To Automate the page of Array"]]>
              </value>
            </param>
          </params>
          <reporter-output>
          </reporter-output>
        </test-method> <!-- runScenario -->
        <test-method signature="runScenario(io.cucumber.testng.PickleWrapper,io.cucumber.testng.FeatureWrapper)[pri:0, instance:runner.TestRunnerTestng@333d4a8c]" started-at="2023-12-07T23:33:21 EST" name="runScenario" description="Runs Cucumber Scenarios" data-provider="scenarios" finished-at="2023-12-07T23:33:22 EST" duration-ms="252" status="PASS">
          <params>
            <param index="0">
              <value>
                <![CDATA["Get started to Linked List from DS Algo home page"]]>
              </value>
            </param>
            <param index="1">
              <value>
                <![CDATA["F)Automatating Linked List Module pages"]]>
              </value>
            </param>
          </params>
          <reporter-output>
          </reporter-output>
        </test-method> <!-- runScenario -->
        <test-method signature="runScenario(io.cucumber.testng.PickleWrapper,io.cucumber.testng.FeatureWrapper)[pri:0, instance:runner.TestRunnerTestng@333d4a8c]" started-at="2023-12-07T23:33:22 EST" name="runScenario" description="Runs Cucumber Scenarios" data-provider="scenarios" finished-at="2023-12-07T23:33:22 EST" duration-ms="263" status="PASS">
          <params>
            <param index="0">
              <value>
                <![CDATA["Introduction link of Linked List module"]]>
              </value>
            </param>
            <param index="1">
              <value>
                <![CDATA["F)Automatating Linked List Module pages"]]>
              </value>
            </param>
          </params>
          <reporter-output>
          </reporter-output>
        </test-method> <!-- runScenario -->
        <test-method signature="runScenario(io.cucumber.testng.PickleWrapper,io.cucumber.testng.FeatureWrapper)[pri:0, instance:runner.TestRunnerTestng@333d4a8c]" started-at="2023-12-07T23:33:22 EST" name="runScenario" description="Runs Cucumber Scenarios" data-provider="scenarios" finished-at="2023-12-07T23:33:22 EST" duration-ms="417" status="PASS">
          <params>
            <param index="0">
              <value>
                <![CDATA["Introduction page"]]>
              </value>
            </param>
            <param index="1">
              <value>
                <![CDATA["F)Automatating Linked List Module pages"]]>
              </value>
            </param>
          </params>
          <reporter-output>
          </reporter-output>
        </test-method> <!-- runScenario -->
        <test-method signature="runScenario(io.cucumber.testng.PickleWrapper,io.cucumber.testng.FeatureWrapper)[pri:0, instance:runner.TestRunnerTestng@333d4a8c]" started-at="2023-12-07T23:33:22 EST" name="runScenario" description="Runs Cucumber Scenarios" data-provider="scenarios" finished-at="2023-12-07T23:33:23 EST" duration-ms="394" status="PASS">
          <params>
            <param index="0">
              <value>
                <![CDATA["Python Editor page without data"]]>
              </value>
            </param>
            <param index="1">
              <value>
                <![CDATA["F)Automatating Linked List Module pages"]]>
              </value>
            </param>
          </params>
          <reporter-output>
          </reporter-output>
        </test-method> <!-- runScenario -->
        <test-method signature="runScenario(io.cucumber.testng.PickleWrapper,io.cucumber.testng.FeatureWrapper)[pri:0, instance:runner.TestRunnerTestng@333d4a8c]" started-at="2023-12-07T23:33:23 EST" name="runScenario" description="Runs Cucumber Scenarios" data-provider="scenarios" finished-at="2023-12-07T23:33:23 EST" duration-ms="549" status="PASS">
          <params>
            <param index="0">
              <value>
                <![CDATA["Python Editor page with Invalid data"]]>
              </value>
            </param>
            <param index="1">
              <value>
                <![CDATA["F)Automatating Linked List Module pages"]]>
              </value>
            </param>
          </params>
          <reporter-output>
          </reporter-output>
        </test-method> <!-- runScenario -->
        <test-method signature="runScenario(io.cucumber.testng.PickleWrapper,io.cucumber.testng.FeatureWrapper)[pri:0, instance:runner.TestRunnerTestng@333d4a8c]" started-at="2023-12-07T23:33:23 EST" name="runScenario" description="Runs Cucumber Scenarios" data-provider="scenarios" finished-at="2023-12-07T23:33:24 EST" duration-ms="553" status="PASS">
          <params>
            <param index="0">
              <value>
                <![CDATA["Python Editor page with valid data"]]>
              </value>
            </param>
            <param index="1">
              <value>
                <![CDATA["F)Automatating Linked List Module pages"]]>
              </value>
            </param>
          </params>
          <reporter-output>
          </reporter-output>
        </test-method> <!-- runScenario -->
        <test-method signature="runScenario(io.cucumber.testng.PickleWrapper,io.cucumber.testng.FeatureWrapper)[pri:0, instance:runner.TestRunnerTestng@333d4a8c]" started-at="2023-12-07T23:33:24 EST" name="runScenario" description="Runs Cucumber Scenarios" data-provider="scenarios" finished-at="2023-12-07T23:33:24 EST" duration-ms="200" status="PASS">
          <params>
            <param index="0">
              <value>
                <![CDATA["User go back to the previous page"]]>
              </value>
            </param>
            <param index="1">
              <value>
                <![CDATA["F)Automatating Linked List Module pages"]]>
              </value>
            </param>
          </params>
          <reporter-output>
          </reporter-output>
        </test-method> <!-- runScenario -->
        <test-method signature="runScenario(io.cucumber.testng.PickleWrapper,io.cucumber.testng.FeatureWrapper)[pri:0, instance:runner.TestRunnerTestng@333d4a8c]" started-at="2023-12-07T23:33:24 EST" name="runScenario" description="Runs Cucumber Scenarios" data-provider="scenarios" finished-at="2023-12-07T23:33:24 EST" duration-ms="244" status="PASS">
          <params>
            <param index="0">
              <value>
                <![CDATA["Creating Linked LIst link of Linked List module"]]>
              </value>
            </param>
            <param index="1">
              <value>
                <![CDATA["F)Automatating Linked List Module pages"]]>
              </value>
            </param>
          </params>
          <reporter-output>
          </reporter-output>
        </test-method> <!-- runScenario -->
        <test-method signature="runScenario(io.cucumber.testng.PickleWrapper,io.cucumber.testng.FeatureWrapper)[pri:0, instance:runner.TestRunnerTestng@333d4a8c]" started-at="2023-12-07T23:33:24 EST" name="runScenario" description="Runs Cucumber Scenarios" data-provider="scenarios" finished-at="2023-12-07T23:33:25 EST" duration-ms="484" status="PASS">
          <params>
            <param index="0">
              <value>
                <![CDATA["Creating Linked LIst page"]]>
              </value>
            </param>
            <param index="1">
              <value>
                <![CDATA["F)Automatating Linked List Module pages"]]>
              </value>
            </param>
          </params>
          <reporter-output>
          </reporter-output>
        </test-method> <!-- runScenario -->
        <test-method signature="runScenario(io.cucumber.testng.PickleWrapper,io.cucumber.testng.FeatureWrapper)[pri:0, instance:runner.TestRunnerTestng@333d4a8c]" started-at="2023-12-07T23:33:25 EST" name="runScenario" description="Runs Cucumber Scenarios" data-provider="scenarios" finished-at="2023-12-07T23:33:25 EST" duration-ms="424" status="PASS">
          <params>
            <param index="0">
              <value>
                <![CDATA["Python Editor page without data"]]>
              </value>
            </param>
            <param index="1">
              <value>
                <![CDATA["F)Automatating Linked List Module pages"]]>
              </value>
            </param>
          </params>
          <reporter-output>
          </reporter-output>
        </test-method> <!-- runScenario -->
        <test-method signature="runScenario(io.cucumber.testng.PickleWrapper,io.cucumber.testng.FeatureWrapper)[pri:0, instance:runner.TestRunnerTestng@333d4a8c]" started-at="2023-12-07T23:33:25 EST" name="runScenario" description="Runs Cucumber Scenarios" data-provider="scenarios" finished-at="2023-12-07T23:33:26 EST" duration-ms="571" status="PASS">
          <params>
            <param index="0">
              <value>
                <![CDATA["Python Editor page with Invalid data"]]>
              </value>
            </param>
            <param index="1">
              <value>
                <![CDATA["F)Automatating Linked List Module pages"]]>
              </value>
            </param>
          </params>
          <reporter-output>
          </reporter-output>
        </test-method> <!-- runScenario -->
        <test-method signature="runScenario(io.cucumber.testng.PickleWrapper,io.cucumber.testng.FeatureWrapper)[pri:0, instance:runner.TestRunnerTestng@333d4a8c]" started-at="2023-12-07T23:33:26 EST" name="runScenario" description="Runs Cucumber Scenarios" data-provider="scenarios" finished-at="2023-12-07T23:33:26 EST" duration-ms="549" status="PASS">
          <params>
            <param index="0">
              <value>
                <![CDATA["Python Editor page with valid data"]]>
              </value>
            </param>
            <param index="1">
              <value>
                <![CDATA["F)Automatating Linked List Module pages"]]>
              </value>
            </param>
          </params>
          <reporter-output>
          </reporter-output>
        </test-method> <!-- runScenario -->
        <test-method signature="runScenario(io.cucumber.testng.PickleWrapper,io.cucumber.testng.FeatureWrapper)[pri:0, instance:runner.TestRunnerTestng@333d4a8c]" started-at="2023-12-07T23:33:26 EST" name="runScenario" description="Runs Cucumber Scenarios" data-provider="scenarios" finished-at="2023-12-07T23:33:26 EST" duration-ms="215" status="PASS">
          <params>
            <param index="0">
              <value>
                <![CDATA["User go back to the previous page"]]>
              </value>
            </param>
            <param index="1">
              <value>
                <![CDATA["F)Automatating Linked List Module pages"]]>
              </value>
            </param>
          </params>
          <reporter-output>
          </reporter-output>
        </test-method> <!-- runScenario -->
        <test-method signature="runScenario(io.cucumber.testng.PickleWrapper,io.cucumber.testng.FeatureWrapper)[pri:0, instance:runner.TestRunnerTestng@333d4a8c]" started-at="2023-12-07T23:33:26 EST" name="runScenario" description="Runs Cucumber Scenarios" data-provider="scenarios" finished-at="2023-12-07T23:33:27 EST" duration-ms="380" status="PASS">
          <params>
            <param index="0">
              <value>
                <![CDATA["Types of Linked List link of Linked List module"]]>
              </value>
            </param>
            <param index="1">
              <value>
                <![CDATA["F)Automatating Linked List Module pages"]]>
              </value>
            </param>
          </params>
          <reporter-output>
          </reporter-output>
        </test-method> <!-- runScenario -->
        <test-method signature="runScenario(io.cucumber.testng.PickleWrapper,io.cucumber.testng.FeatureWrapper)[pri:0, instance:runner.TestRunnerTestng@333d4a8c]" started-at="2023-12-07T23:33:27 EST" name="runScenario" description="Runs Cucumber Scenarios" data-provider="scenarios" finished-at="2023-12-07T23:33:27 EST" duration-ms="473" status="PASS">
          <params>
            <param index="0">
              <value>
                <![CDATA["Types of Linked List page"]]>
              </value>
            </param>
            <param index="1">
              <value>
                <![CDATA["F)Automatating Linked List Module pages"]]>
              </value>
            </param>
          </params>
          <reporter-output>
          </reporter-output>
        </test-method> <!-- runScenario -->
        <test-method signature="runScenario(io.cucumber.testng.PickleWrapper,io.cucumber.testng.FeatureWrapper)[pri:0, instance:runner.TestRunnerTestng@333d4a8c]" started-at="2023-12-07T23:33:27 EST" name="runScenario" description="Runs Cucumber Scenarios" data-provider="scenarios" finished-at="2023-12-07T23:33:28 EST" duration-ms="418" status="PASS">
          <params>
            <param index="0">
              <value>
                <![CDATA["Python Editor page without data"]]>
              </value>
            </param>
            <param index="1">
              <value>
                <![CDATA["F)Automatating Linked List Module pages"]]>
              </value>
            </param>
          </params>
          <reporter-output>
          </reporter-output>
        </test-method> <!-- runScenario -->
        <test-method signature="runScenario(io.cucumber.testng.PickleWrapper,io.cucumber.testng.FeatureWrapper)[pri:0, instance:runner.TestRunnerTestng@333d4a8c]" started-at="2023-12-07T23:33:28 EST" name="runScenario" description="Runs Cucumber Scenarios" data-provider="scenarios" finished-at="2023-12-07T23:33:28 EST" duration-ms="636" status="PASS">
          <params>
            <param index="0">
              <value>
                <![CDATA["Python Editor page with Invalid data"]]>
              </value>
            </param>
            <param index="1">
              <value>
                <![CDATA["F)Automatating Linked List Module pages"]]>
              </value>
            </param>
          </params>
          <reporter-output>
          </reporter-output>
        </test-method> <!-- runScenario -->
        <test-method signature="runScenario(io.cucumber.testng.PickleWrapper,io.cucumber.testng.FeatureWrapper)[pri:0, instance:runner.TestRunnerTestng@333d4a8c]" started-at="2023-12-07T23:33:28 EST" name="runScenario" description="Runs Cucumber Scenarios" data-provider="scenarios" finished-at="2023-12-07T23:33:29 EST" duration-ms="550" status="PASS">
          <params>
            <param index="0">
              <value>
                <![CDATA["Python Editor page with valid data"]]>
              </value>
            </param>
            <param index="1">
              <value>
                <![CDATA["F)Automatating Linked List Module pages"]]>
              </value>
            </param>
          </params>
          <reporter-output>
          </reporter-output>
        </test-method> <!-- runScenario -->
        <test-method signature="runScenario(io.cucumber.testng.PickleWrapper,io.cucumber.testng.FeatureWrapper)[pri:0, instance:runner.TestRunnerTestng@333d4a8c]" started-at="2023-12-07T23:33:29 EST" name="runScenario" description="Runs Cucumber Scenarios" data-provider="scenarios" finished-at="2023-12-07T23:33:29 EST" duration-ms="189" status="PASS">
          <params>
            <param index="0">
              <value>
                <![CDATA["User go back to the previous page"]]>
              </value>
            </param>
            <param index="1">
              <value>
                <![CDATA["F)Automatating Linked List Module pages"]]>
              </value>
            </param>
          </params>
          <reporter-output>
          </reporter-output>
        </test-method> <!-- runScenario -->
        <test-method signature="runScenario(io.cucumber.testng.PickleWrapper,io.cucumber.testng.FeatureWrapper)[pri:0, instance:runner.TestRunnerTestng@333d4a8c]" started-at="2023-12-07T23:33:29 EST" name="runScenario" description="Runs Cucumber Scenarios" data-provider="scenarios" finished-at="2023-12-07T23:33:29 EST" duration-ms="263" status="PASS">
          <params>
            <param index="0">
              <value>
                <![CDATA["Implement Linked List in Python link of Linked List module"]]>
              </value>
            </param>
            <param index="1">
              <value>
                <![CDATA["F)Automatating Linked List Module pages"]]>
              </value>
            </param>
          </params>
          <reporter-output>
          </reporter-output>
        </test-method> <!-- runScenario -->
        <test-method signature="runScenario(io.cucumber.testng.PickleWrapper,io.cucumber.testng.FeatureWrapper)[pri:0, instance:runner.TestRunnerTestng@333d4a8c]" started-at="2023-12-07T23:33:29 EST" name="runScenario" description="Runs Cucumber Scenarios" data-provider="scenarios" finished-at="2023-12-07T23:33:30 EST" duration-ms="406" status="PASS">
          <params>
            <param index="0">
              <value>
                <![CDATA["Implement Linked List in Python page"]]>
              </value>
            </param>
            <param index="1">
              <value>
                <![CDATA["F)Automatating Linked List Module pages"]]>
              </value>
            </param>
          </params>
          <reporter-output>
          </reporter-output>
        </test-method> <!-- runScenario -->
        <test-method signature="runScenario(io.cucumber.testng.PickleWrapper,io.cucumber.testng.FeatureWrapper)[pri:0, instance:runner.TestRunnerTestng@333d4a8c]" started-at="2023-12-07T23:33:30 EST" name="runScenario" description="Runs Cucumber Scenarios" data-provider="scenarios" finished-at="2023-12-07T23:33:30 EST" duration-ms="407" status="PASS">
          <params>
            <param index="0">
              <value>
                <![CDATA["Python Editor page without data"]]>
              </value>
            </param>
            <param index="1">
              <value>
                <![CDATA["F)Automatating Linked List Module pages"]]>
              </value>
            </param>
          </params>
          <reporter-output>
          </reporter-output>
        </test-method> <!-- runScenario -->
        <test-method signature="runScenario(io.cucumber.testng.PickleWrapper,io.cucumber.testng.FeatureWrapper)[pri:0, instance:runner.TestRunnerTestng@333d4a8c]" started-at="2023-12-07T23:33:30 EST" name="runScenario" description="Runs Cucumber Scenarios" data-provider="scenarios" finished-at="2023-12-07T23:33:31 EST" duration-ms="585" status="PASS">
          <params>
            <param index="0">
              <value>
                <![CDATA["Python Editor page with Invalid data"]]>
              </value>
            </param>
            <param index="1">
              <value>
                <![CDATA["F)Automatating Linked List Module pages"]]>
              </value>
            </param>
          </params>
          <reporter-output>
          </reporter-output>
        </test-method> <!-- runScenario -->
        <test-method signature="runScenario(io.cucumber.testng.PickleWrapper,io.cucumber.testng.FeatureWrapper)[pri:0, instance:runner.TestRunnerTestng@333d4a8c]" started-at="2023-12-07T23:33:31 EST" name="runScenario" description="Runs Cucumber Scenarios" data-provider="scenarios" finished-at="2023-12-07T23:33:31 EST" duration-ms="507" status="PASS">
          <params>
            <param index="0">
              <value>
                <![CDATA["Python Editor page with valid data"]]>
              </value>
            </param>
            <param index="1">
              <value>
                <![CDATA["F)Automatating Linked List Module pages"]]>
              </value>
            </param>
          </params>
          <reporter-output>
          </reporter-output>
        </test-method> <!-- runScenario -->
        <test-method signature="runScenario(io.cucumber.testng.PickleWrapper,io.cucumber.testng.FeatureWrapper)[pri:0, instance:runner.TestRunnerTestng@333d4a8c]" started-at="2023-12-07T23:33:31 EST" name="runScenario" description="Runs Cucumber Scenarios" data-provider="scenarios" finished-at="2023-12-07T23:33:32 EST" duration-ms="205" status="PASS">
          <params>
            <param index="0">
              <value>
                <![CDATA["User go back to the previous page"]]>
              </value>
            </param>
            <param index="1">
              <value>
                <![CDATA["F)Automatating Linked List Module pages"]]>
              </value>
            </param>
          </params>
          <reporter-output>
          </reporter-output>
        </test-method> <!-- runScenario -->
        <test-method signature="runScenario(io.cucumber.testng.PickleWrapper,io.cucumber.testng.FeatureWrapper)[pri:0, instance:runner.TestRunnerTestng@333d4a8c]" started-at="2023-12-07T23:33:32 EST" name="runScenario" description="Runs Cucumber Scenarios" data-provider="scenarios" finished-at="2023-12-07T23:33:32 EST" duration-ms="249" status="PASS">
          <params>
            <param index="0">
              <value>
                <![CDATA["Traversal link of Linked List module"]]>
              </value>
            </param>
            <param index="1">
              <value>
                <![CDATA["F)Automatating Linked List Module pages"]]>
              </value>
            </param>
          </params>
          <reporter-output>
          </reporter-output>
        </test-method> <!-- runScenario -->
        <test-method signature="runScenario(io.cucumber.testng.PickleWrapper,io.cucumber.testng.FeatureWrapper)[pri:0, instance:runner.TestRunnerTestng@333d4a8c]" started-at="2023-12-07T23:33:32 EST" name="runScenario" description="Runs Cucumber Scenarios" data-provider="scenarios" finished-at="2023-12-07T23:33:32 EST" duration-ms="421" status="PASS">
          <params>
            <param index="0">
              <value>
                <![CDATA["Traversal page"]]>
              </value>
            </param>
            <param index="1">
              <value>
                <![CDATA["F)Automatating Linked List Module pages"]]>
              </value>
            </param>
          </params>
          <reporter-output>
          </reporter-output>
        </test-method> <!-- runScenario -->
        <test-method signature="runScenario(io.cucumber.testng.PickleWrapper,io.cucumber.testng.FeatureWrapper)[pri:0, instance:runner.TestRunnerTestng@333d4a8c]" started-at="2023-12-07T23:33:32 EST" name="runScenario" description="Runs Cucumber Scenarios" data-provider="scenarios" finished-at="2023-12-07T23:33:33 EST" duration-ms="397" status="PASS">
          <params>
            <param index="0">
              <value>
                <![CDATA["Python Editor page without data"]]>
              </value>
            </param>
            <param index="1">
              <value>
                <![CDATA["F)Automatating Linked List Module pages"]]>
              </value>
            </param>
          </params>
          <reporter-output>
          </reporter-output>
        </test-method> <!-- runScenario -->
        <test-method signature="runScenario(io.cucumber.testng.PickleWrapper,io.cucumber.testng.FeatureWrapper)[pri:0, instance:runner.TestRunnerTestng@333d4a8c]" started-at="2023-12-07T23:33:33 EST" name="runScenario" description="Runs Cucumber Scenarios" data-provider="scenarios" finished-at="2023-12-07T23:33:33 EST" duration-ms="571" status="PASS">
          <params>
            <param index="0">
              <value>
                <![CDATA["Python Editor page with Invalid data"]]>
              </value>
            </param>
            <param index="1">
              <value>
                <![CDATA["F)Automatating Linked List Module pages"]]>
              </value>
            </param>
          </params>
          <reporter-output>
          </reporter-output>
        </test-method> <!-- runScenario -->
        <test-method signature="runScenario(io.cucumber.testng.PickleWrapper,io.cucumber.testng.FeatureWrapper)[pri:0, instance:runner.TestRunnerTestng@333d4a8c]" started-at="2023-12-07T23:33:33 EST" name="runScenario" description="Runs Cucumber Scenarios" data-provider="scenarios" finished-at="2023-12-07T23:33:34 EST" duration-ms="537" status="PASS">
          <params>
            <param index="0">
              <value>
                <![CDATA["Python Editor page with valid data"]]>
              </value>
            </param>
            <param index="1">
              <value>
                <![CDATA["F)Automatating Linked List Module pages"]]>
              </value>
            </param>
          </params>
          <reporter-output>
          </reporter-output>
        </test-method> <!-- runScenario -->
        <test-method signature="runScenario(io.cucumber.testng.PickleWrapper,io.cucumber.testng.FeatureWrapper)[pri:0, instance:runner.TestRunnerTestng@333d4a8c]" started-at="2023-12-07T23:33:34 EST" name="runScenario" description="Runs Cucumber Scenarios" data-provider="scenarios" finished-at="2023-12-07T23:33:34 EST" duration-ms="176" status="PASS">
          <params>
            <param index="0">
              <value>
                <![CDATA["User go back to the previous page"]]>
              </value>
            </param>
            <param index="1">
              <value>
                <![CDATA["F)Automatating Linked List Module pages"]]>
              </value>
            </param>
          </params>
          <reporter-output>
          </reporter-output>
        </test-method> <!-- runScenario -->
        <test-method signature="runScenario(io.cucumber.testng.PickleWrapper,io.cucumber.testng.FeatureWrapper)[pri:0, instance:runner.TestRunnerTestng@333d4a8c]" started-at="2023-12-07T23:33:34 EST" name="runScenario" description="Runs Cucumber Scenarios" data-provider="scenarios" finished-at="2023-12-07T23:33:34 EST" duration-ms="253" status="PASS">
          <params>
            <param index="0">
              <value>
                <![CDATA["Insertion link of Linked List module"]]>
              </value>
            </param>
            <param index="1">
              <value>
                <![CDATA["F)Automatating Linked List Module pages"]]>
              </value>
            </param>
          </params>
          <reporter-output>
          </reporter-output>
        </test-method> <!-- runScenario -->
[...]
        </test-method> <!-- runScenario -->
        <test-method signature="runScenario(io.cucumber.testng.PickleWrapper,io.cucumber.testng.FeatureWrapper)[pri:0, instance:runner.TestRunnerTestng@333d4a8c]" started-at="2023-12-07T23:34:28 EST" name="runScenario" description="Runs Cucumber Scenarios" data-provider="scenarios" finished-at="2023-12-07T23:34:29 EST" duration-ms="340" status="PASS">
          <params>
            <param index="0">
              <value>
                <![CDATA["Implementation Of BST page Link"]]>
              </value>
            </param>
            <param index="1">
              <value>
                <![CDATA["I)Automatating Tree Module pages"]]>
              </value>
            </param>
          </params>
          <reporter-output>
          </reporter-output>
        </test-method> <!-- runScenario -->
        <test-method signature="runScenario(io.cucumber.testng.PickleWrapper,io.cucumber.testng.FeatureWrapper)[pri:0, instance:runner.TestRunnerTestng@333d4a8c]" started-at="2023-12-07T23:34:29 EST" name="runScenario" description="Runs Cucumber Scenarios" data-provider="scenarios" finished-at="2023-12-07T23:34:29 EST" duration-ms="564" status="PASS">
          <params>
            <param index="0">
              <value>
                <![CDATA["Implementation Of BST page"]]>
              </value>
            </param>
            <param index="1">
              <value>
                <![CDATA["I)Automatating Tree Module pages"]]>
              </value>
            </param>
          </params>
          <reporter-output>
          </reporter-output>
        </test-method> <!-- runScenario -->
        <test-method signature="runScenario(io.cucumber.testng.PickleWrapper,io.cucumber.testng.FeatureWrapper)[pri:0, instance:runner.TestRunnerTestng@333d4a8c]" started-at="2023-12-07T23:34:29 EST" name="runScenario" description="Runs Cucumber Scenarios" data-provider="scenarios" finished-at="2023-12-07T23:34:30 EST" duration-ms="468" status="PASS">
          <params>
            <param index="0">
              <value>
                <![CDATA["Python Editor page without data"]]>
              </value>
            </param>
            <param index="1">
              <value>
                <![CDATA["I)Automatating Tree Module pages"]]>
              </value>
            </param>
          </params>
          <reporter-output>
          </reporter-output>
        </test-method> <!-- runScenario -->
        <test-method signature="runScenario(io.cucumber.testng.PickleWrapper,io.cucumber.testng.FeatureWrapper)[pri:0, instance:runner.TestRunnerTestng@333d4a8c]" started-at="2023-12-07T23:34:30 EST" name="runScenario" description="Runs Cucumber Scenarios" data-provider="scenarios" finished-at="2023-12-07T23:34:30 EST" duration-ms="522" status="PASS">
          <params>
            <param index="0">
              <value>
                <![CDATA["Python Editor page with Invalid data"]]>
              </value>
            </param>
            <param index="1">
              <value>
                <![CDATA["I)Automatating Tree Module pages"]]>
              </value>
            </param>
          </params>
          <reporter-output>
          </reporter-output>
        </test-method> <!-- runScenario -->
        <test-method signature="runScenario(io.cucumber.testng.PickleWrapper,io.cucumber.testng.FeatureWrapper)[pri:0, instance:runner.TestRunnerTestng@333d4a8c]" started-at="2023-12-07T23:34:30 EST" name="runScenario" description="Runs Cucumber Scenarios" data-provider="scenarios" finished-at="2023-12-07T23:34:31 EST" duration-ms="538" status="PASS">
          <params>
            <param index="0">
              <value>
                <![CDATA["Python Editor page with valid data"]]>
              </value>
            </param>
            <param index="1">
              <value>
                <![CDATA["I)Automatating Tree Module pages"]]>
              </value>
            </param>
          </params>
          <reporter-output>
          </reporter-output>
        </test-method> <!-- runScenario -->
        <test-method signature="runScenario(io.cucumber.testng.PickleWrapper,io.cucumber.testng.FeatureWrapper)[pri:0, instance:runner.TestRunnerTestng@333d4a8c]" started-at="2023-12-07T23:34:31 EST" name="runScenario" description="Runs Cucumber Scenarios" data-provider="scenarios" finished-at="2023-12-07T23:34:31 EST" duration-ms="170" status="PASS">
          <params>
            <param index="0">
              <value>
                <![CDATA["User go back to the previous page"]]>
              </value>
            </param>
            <param index="1">
              <value>
                <![CDATA["I)Automatating Tree Module pages"]]>
              </value>
            </param>
          </params>
          <reporter-output>
          </reporter-output>
        </test-method> <!-- runScenario -->
        <test-method signature="runScenario(io.cucumber.testng.PickleWrapper,io.cucumber.testng.FeatureWrapper)[pri:0, instance:runner.TestRunnerTestng@333d4a8c]" started-at="2023-12-07T23:34:31 EST" name="runScenario" description="Runs Cucumber Scenarios" data-provider="scenarios" finished-at="2023-12-07T23:34:31 EST" duration-ms="187" status="PASS">
          <params>
            <param index="0">
              <value>
                <![CDATA["Tree page Practice Questions"]]>
              </value>
            </param>
            <param index="1">
              <value>
                <![CDATA["I)Automatating Tree Module pages"]]>
              </value>
            </param>
          </params>
          <reporter-output>
          </reporter-output>
        </test-method> <!-- runScenario -->
        <test-method signature="runScenario(io.cucumber.testng.PickleWrapper,io.cucumber.testng.FeatureWrapper)[pri:0, instance:runner.TestRunnerTestng@333d4a8c]" started-at="2023-12-07T23:34:31 EST" name="runScenario" description="Runs Cucumber Scenarios" data-provider="scenarios" finished-at="2023-12-07T23:34:31 EST" duration-ms="169" status="PASS">
          <params>
            <param index="0">
              <value>
                <![CDATA["User go back to the DS Algo home page"]]>
              </value>
            </param>
            <param index="1">
              <value>
                <![CDATA["I)Automatating Tree Module pages"]]>
              </value>
            </param>
          </params>
          <reporter-output>
          </reporter-output>
        </test-method> <!-- runScenario -->
        <test-method signature="runScenario(io.cucumber.testng.PickleWrapper,io.cucumber.testng.FeatureWrapper)[pri:0, instance:runner.TestRunnerTestng@333d4a8c]" started-at="2023-12-07T23:34:31 EST" name="runScenario" description="Runs Cucumber Scenarios" data-provider="scenarios" finished-at="2023-12-07T23:34:32 EST" duration-ms="263" status="PASS">
          <params>
            <param index="0">
              <value>
                <![CDATA["Get started to graph from DS Algo home page"]]>
              </value>
            </param>
            <param index="1">
              <value>
                <![CDATA["J)Automatating Graph Module pages"]]>
              </value>
            </param>
          </params>
          <reporter-output>
          </reporter-output>
        </test-method> <!-- runScenario -->
        <test-method signature="runScenario(io.cucumber.testng.PickleWrapper,io.cucumber.testng.FeatureWrapper)[pri:0, instance:runner.TestRunnerTestng@333d4a8c]" started-at="2023-12-07T23:34:32 EST" name="runScenario" description="Runs Cucumber Scenarios" data-provider="scenarios" finished-at="2023-12-07T23:34:32 EST" duration-ms="281" status="PASS">
          <params>
            <param index="0">
              <value>
                <![CDATA["Graph home page"]]>
              </value>
            </param>
            <param index="1">
              <value>
                <![CDATA["J)Automatating Graph Module pages"]]>
              </value>
            </param>
          </params>
          <reporter-output>
          </reporter-output>
        </test-method> <!-- runScenario -->
        <test-method signature="runScenario(io.cucumber.testng.PickleWrapper,io.cucumber.testng.FeatureWrapper)[pri:0, instance:runner.TestRunnerTestng@333d4a8c]" started-at="2023-12-07T23:34:32 EST" name="runScenario" description="Runs Cucumber Scenarios" data-provider="scenarios" finished-at="2023-12-07T23:34:32 EST" duration-ms="410" status="PASS">
          <params>
            <param index="0">
              <value>
                <![CDATA["Graph page"]]>
              </value>
            </param>
            <param index="1">
              <value>
                <![CDATA["J)Automatating Graph Module pages"]]>
              </value>
            </param>
          </params>
          <reporter-output>
          </reporter-output>
        </test-method> <!-- runScenario -->
        <test-method signature="runScenario(io.cucumber.testng.PickleWrapper,io.cucumber.testng.FeatureWrapper)[pri:0, instance:runner.TestRunnerTestng@333d4a8c]" started-at="2023-12-07T23:34:32 EST" name="runScenario" description="Runs Cucumber Scenarios" data-provider="scenarios" finished-at="2023-12-07T23:34:33 EST" duration-ms="409" status="PASS">
          <params>
            <param index="0">
              <value>
                <![CDATA["Python Editor page without data"]]>
              </value>
            </param>
            <param index="1">
              <value>
                <![CDATA["J)Automatating Graph Module pages"]]>
              </value>
            </param>
          </params>
          <reporter-output>
          </reporter-output>
        </test-method> <!-- runScenario -->
        <test-method signature="runScenario(io.cucumber.testng.PickleWrapper,io.cucumber.testng.FeatureWrapper)[pri:0, instance:runner.TestRunnerTestng@333d4a8c]" started-at="2023-12-07T23:34:33 EST" name="runScenario" description="Runs Cucumber Scenarios" data-provider="scenarios" finished-at="2023-12-07T23:34:33 EST" duration-ms="508" status="PASS">
          <params>
            <param index="0">
              <value>
                <![CDATA["Python Editor page with Invalid data"]]>
              </value>
            </param>
            <param index="1">
              <value>
                <![CDATA["J)Automatating Graph Module pages"]]>
              </value>
            </param>
          </params>
          <reporter-output>
          </reporter-output>
        </test-method> <!-- runScenario -->
        <test-method signature="runScenario(io.cucumber.testng.PickleWrapper,io.cucumber.testng.FeatureWrapper)[pri:0, instance:runner.TestRunnerTestng@333d4a8c]" started-at="2023-12-07T23:34:33 EST" name="runScenario" description="Runs Cucumber Scenarios" data-provider="scenarios" finished-at="2023-12-07T23:34:34 EST" duration-ms="509" status="PASS">
          <params>
            <param index="0">
              <value>
                <![CDATA["Python Editor page with valid data"]]>
              </value>
            </param>
            <param index="1">
              <value>
                <![CDATA["J)Automatating Graph Module pages"]]>
              </value>
            </param>
          </params>
          <reporter-output>
          </reporter-output>
        </test-method> <!-- runScenario -->
        <test-method signature="runScenario(io.cucumber.testng.PickleWrapper,io.cucumber.testng.FeatureWrapper)[pri:0, instance:runner.TestRunnerTestng@333d4a8c]" started-at="2023-12-07T23:34:34 EST" name="runScenario" description="Runs Cucumber Scenarios" data-provider="scenarios" finished-at="2023-12-07T23:34:34 EST" duration-ms="176" status="PASS">
          <params>
            <param index="0">
              <value>
                <![CDATA["User go back to Graph page"]]>
              </value>
            </param>
            <param index="1">
              <value>
                <![CDATA["J)Automatating Graph Module pages"]]>
              </value>
            </param>
          </params>
          <reporter-output>
          </reporter-output>
        </test-method> <!-- runScenario -->
        <test-method signature="runScenario(io.cucumber.testng.PickleWrapper,io.cucumber.testng.FeatureWrapper)[pri:0, instance:runner.TestRunnerTestng@333d4a8c]" started-at="2023-12-07T23:34:34 EST" name="runScenario" description="Runs Cucumber Scenarios" data-provider="scenarios" finished-at="2023-12-07T23:34:34 EST" duration-ms="350" status="PASS">
          <params>
            <param index="0">
              <value>
                <![CDATA["Graph page second link"]]>
              </value>
            </param>
            <param index="1">
              <value>
                <![CDATA["J)Automatating Graph Module pages"]]>
              </value>
            </param>
          </params>
          <reporter-output>
          </reporter-output>
        </test-method> <!-- runScenario -->
        <test-method signature="runScenario(io.cucumber.testng.PickleWrapper,io.cucumber.testng.FeatureWrapper)[pri:0, instance:runner.TestRunnerTestng@333d4a8c]" started-at="2023-12-07T23:34:34 EST" name="runScenario" description="Runs Cucumber Scenarios" data-provider="scenarios" finished-at="2023-12-07T23:34:35 EST" duration-ms="476" status="PASS">
          <params>
            <param index="0">
              <value>
                <![CDATA["Graph Representations page"]]>
              </value>
            </param>
            <param index="1">
              <value>
                <![CDATA["J)Automatating Graph Module pages"]]>
              </value>
            </param>
          </params>
          <reporter-output>
          </reporter-output>
        </test-method> <!-- runScenario -->
        <test-method signature="runScenario(io.cucumber.testng.PickleWrapper,io.cucumber.testng.FeatureWrapper)[pri:0, instance:runner.TestRunnerTestng@333d4a8c]" started-at="2023-12-07T23:34:35 EST" name="runScenario" description="Runs Cucumber Scenarios" data-provider="scenarios" finished-at="2023-12-07T23:34:35 EST" duration-ms="403" status="PASS">
          <params>
            <param index="0">
              <value>
                <![CDATA["Python Editor page without data"]]>
              </value>
            </param>
            <param index="1">
              <value>
                <![CDATA["J)Automatating Graph Module pages"]]>
              </value>
            </param>
          </params>
          <reporter-output>
          </reporter-output>
        </test-method> <!-- runScenario -->
        <test-method signature="runScenario(io.cucumber.testng.PickleWrapper,io.cucumber.testng.FeatureWrapper)[pri:0, instance:runner.TestRunnerTestng@333d4a8c]" started-at="2023-12-07T23:34:35 EST" name="runScenario" description="Runs Cucumber Scenarios" data-provider="scenarios" finished-at="2023-12-07T23:34:36 EST" duration-ms="549" status="PASS">
          <params>
            <param index="0">
              <value>
                <![CDATA["Python Editor page with Invalid data"]]>
              </value>
            </param>
            <param index="1">
              <value>
                <![CDATA["J)Automatating Graph Module pages"]]>
              </value>
            </param>
          </params>
          <reporter-output>
          </reporter-output>
        </test-method> <!-- runScenario -->
        <test-method signature="runScenario(io.cucumber.testng.PickleWrapper,io.cucumber.testng.FeatureWrapper)[pri:0, instance:runner.TestRunnerTestng@333d4a8c]" started-at="2023-12-07T23:34:36 EST" name="runScenario" description="Runs Cucumber Scenarios" data-provider="scenarios" finished-at="2023-12-07T23:34:36 EST" duration-ms="509" status="PASS">
          <params>
            <param index="0">
              <value>
                <![CDATA["Python Editor page with valid data"]]>
              </value>
            </param>
            <param index="1">
              <value>
                <![CDATA["J)Automatating Graph Module pages"]]>
              </value>
            </param>
          </params>
          <reporter-output>
          </reporter-output>
        </test-method> <!-- runScenario -->
        <test-method signature="runScenario(io.cucumber.testng.PickleWrapper,io.cucumber.testng.FeatureWrapper)[pri:0, instance:runner.TestRunnerTestng@333d4a8c]" started-at="2023-12-07T23:34:36 EST" name="runScenario" description="Runs Cucumber Scenarios" data-provider="scenarios" finished-at="2023-12-07T23:34:36 EST" duration-ms="195" status="PASS">
          <params>
            <param index="0">
              <value>
                <![CDATA["User go back to Graph page"]]>
              </value>
            </param>
            <param index="1">
              <value>
                <![CDATA["J)Automatating Graph Module pages"]]>
              </value>
            </param>
          </params>
          <reporter-output>
          </reporter-output>
        </test-method> <!-- runScenario -->
        <test-method signature="runScenario(io.cucumber.testng.PickleWrapper,io.cucumber.testng.FeatureWrapper)[pri:0, instance:runner.TestRunnerTestng@333d4a8c]" started-at="2023-12-07T23:34:36 EST" name="runScenario" description="Runs Cucumber Scenarios" data-provider="scenarios" finished-at="2023-12-07T23:34:37 EST" duration-ms="205" status="PASS">
          <params>
            <param index="0">
              <value>
                <![CDATA["Graph page Practice Questions"]]>
              </value>
            </param>
            <param index="1">
              <value>
                <![CDATA["J)Automatating Graph Module pages"]]>
              </value>
            </param>
          </params>
          <reporter-output>
          </reporter-output>
        </test-method> <!-- runScenario -->
        <test-method signature="runScenario(io.cucumber.testng.PickleWrapper,io.cucumber.testng.FeatureWrapper)[pri:0, instance:runner.TestRunnerTestng@333d4a8c]" started-at="2023-12-07T23:34:37 EST" name="runScenario" description="Runs Cucumber Scenarios" data-provider="scenarios" finished-at="2023-12-07T23:34:37 EST" duration-ms="153" status="PASS">
          <params>
            <param index="0">
              <value>
                <![CDATA["User go back to the DS Algo home page"]]>
              </value>
            </param>
            <param index="1">
              <value>
                <![CDATA["J)Automatating Graph Module pages"]]>
              </value>
            </param>
          </params>
          <reporter-output>
          </reporter-output>
        </test-method> <!-- runScenario -->
        <test-method signature="runScenario(io.cucumber.testng.PickleWrapper,io.cucumber.testng.FeatureWrapper)[pri:0, instance:runner.TestRunnerTestng@333d4a8c]" started-at="2023-12-07T23:34:37 EST" name="runScenario" description="Runs Cucumber Scenarios" data-provider="scenarios" finished-at="2023-12-07T23:34:38 EST" duration-ms="809" status="PASS">
          <params>
            <param index="0">
              <value>
                <![CDATA["Signing out and Closing the browser"]]>
              </value>
            </param>
            <param index="1">
              <value>
                <![CDATA["K)Signing out from DS Algo Portal"]]>
              </value>
            </param>
          </params>
          <reporter-output>
          </reporter-output>
        </test-method> <!-- runScenario -->
        <test-method is-config="true" signature="tearDownClass()[pri:0, instance:runner.TestRunnerTestng@333d4a8c]" started-at="2023-12-07T23:34:38 EST" name="tearDownClass" finished-at="2023-12-07T23:34:51 EST" duration-ms="12909" status="PASS">
          <reporter-output>
          </reporter-output>
        </test-method> <!-- tearDownClass -->
      </class> <!-- runner.TestRunnerTestng -->
    </test> <!-- Test -->
  </suite> <!-- Suite -->
</testng-results>
