<?xml version="1.0" encoding="UTF-8"?>
<testng-results ignored="0" total="253" passed="253" failed="0" skipped="0">
  <reporter-output>
  </reporter-output>
  <suite started-at="2023-12-06T21:43:13 EST" name="Suite" finished-at="2023-12-06T21:46:50 EST" duration-ms="217073">
    <groups>
      <group name="cucumber">
        <method signature="AbstractTestNGCucumberTests.runScenario(io.cucumber.testng.PickleWrapper,io.cucumber.testng.FeatureWrapper)[pri:0, instance:runner.TestRunnerTestng@238d68ff]" name="runScenario" class="io.cucumber.testng.AbstractTestNGCucumberTests"/>
      </group> <!-- cucumber -->
    </groups>
    <test started-at="2023-12-06T21:43:13 EST" name="Test" finished-at="2023-12-06T21:46:50 EST" duration-ms="217073">
      <class name="runner.TestRunnerTestng">
        <test-method is-config="true" signature="setUpClass(org.testng.ITestContext)[pri:0, instance:runner.TestRunnerTestng@238d68ff]" started-at="2023-12-06T21:43:13 EST" name="setUpClass" finished-at="2023-12-06T21:43:14 EST" duration-ms="755" status="PASS">
          <params>
            <param index="0">
              <value>
                <![CDATA[org.testng.TestRunner@11fcf35]]>
              </value>
            </param>
          </params>
          <reporter-output>
          </reporter-output>
        </test-method> <!-- setUpClass -->
        <test-method signature="runScenario(io.cucumber.testng.PickleWrapper,io.cucumber.testng.FeatureWrapper)[pri:0, instance:runner.TestRunnerTestng@238d68ff]" started-at="2023-12-06T21:43:14 EST" name="runScenario" description="Runs Cucumber Scenarios" data-provider="scenarios" finished-at="2023-12-06T21:43:21 EST" duration-ms="6894" status="PASS">
          <params>
            <param index="0">
              <value>
                <![CDATA["Browser page"]]>
              </value>
            </param>
            <param index="1">
              <value>
                <![CDATA["To Automate Introduction page of DS_Algo"]]>
              </value>
            </param>
          </params>
          <reporter-output>
          </reporter-output>
        </test-method> <!-- runScenario -->
        <test-method signature="runScenario(io.cucumber.testng.PickleWrapper,io.cucumber.testng.FeatureWrapper)[pri:0, instance:runner.TestRunnerTestng@238d68ff]" started-at="2023-12-06T21:43:21 EST" name="runScenario" description="Runs Cucumber Scenarios" data-provider="scenarios" finished-at="2023-12-06T21:43:21 EST" duration-ms="596" status="PASS">
          <params>
            <param index="0">
              <value>
                <![CDATA["DS Algo Get Started page"]]>
              </value>
            </param>
            <param index="1">
              <value>
                <![CDATA["To Automate Introduction page of DS_Algo"]]>
              </value>
            </param>
          </params>
          <reporter-output>
          </reporter-output>
        </test-method> <!-- runScenario -->
        <test-method signature="runScenario(io.cucumber.testng.PickleWrapper,io.cucumber.testng.FeatureWrapper)[pri:0, instance:runner.TestRunnerTestng@238d68ff]" started-at="2023-12-06T21:43:21 EST" name="runScenario" description="Runs Cucumber Scenarios" data-provider="scenarios" finished-at="2023-12-06T21:43:22 EST" duration-ms="160" status="PASS">
          <params>
            <param index="0">
              <value>
                <![CDATA["DS Introduction page"]]>
              </value>
            </param>
            <param index="1">
              <value>
                <![CDATA["To Automate Introduction page of DS_Algo"]]>
              </value>
            </param>
          </params>
          <reporter-output>
          </reporter-output>
        </test-method> <!-- runScenario -->
        <test-method signature="runScenario(io.cucumber.testng.PickleWrapper,io.cucumber.testng.FeatureWrapper)[pri:0, instance:runner.TestRunnerTestng@238d68ff]" started-at="2023-12-06T21:43:22 EST" name="runScenario" description="Runs Cucumber Scenarios" data-provider="scenarios" finished-at="2023-12-06T21:43:22 EST" duration-ms="268" status="PASS">
          <params>
            <param index="0">
              <value>
                <![CDATA["DS Introduction page"]]>
              </value>
            </param>
            <param index="1">
              <value>
                <![CDATA["To Automate Introduction page of DS_Algo"]]>
              </value>
            </param>
          </params>
          <reporter-output>
          </reporter-output>
        </test-method> <!-- runScenario -->
        <test-method signature="runScenario(io.cucumber.testng.PickleWrapper,io.cucumber.testng.FeatureWrapper)[pri:0, instance:runner.TestRunnerTestng@238d68ff]" started-at="2023-12-06T21:43:22 EST" name="runScenario" description="Runs Cucumber Scenarios" data-provider="scenarios" finished-at="2023-12-06T21:43:22 EST" duration-ms="64" status="PASS">
          <params>
            <param index="0">
              <value>
                <![CDATA["DS Introduction page"]]>
              </value>
            </param>
            <param index="1">
              <value>
                <![CDATA["To Automate Introduction page of DS_Algo"]]>
              </value>
            </param>
          </params>
          <reporter-output>
          </reporter-output>
        </test-method> <!-- runScenario -->
        <test-method signature="runScenario(io.cucumber.testng.PickleWrapper,io.cucumber.testng.FeatureWrapper)[pri:0, instance:runner.TestRunnerTestng@238d68ff]" started-at="2023-12-06T21:43:22 EST" name="runScenario" description="Runs Cucumber Scenarios" data-provider="scenarios" finished-at="2023-12-06T21:43:22 EST" duration-ms="207" status="PASS">
          <params>
            <param index="0">
              <value>
                <![CDATA["DS Algo Introduction Page"]]>
              </value>
            </param>
            <param index="1">
              <value>
                <![CDATA["to automate Signin page of DS_Algo"]]>
              </value>
            </param>
          </params>
          <reporter-output>
          </reporter-output>
        </test-method> <!-- runScenario -->
        <test-method signature="runScenario(io.cucumber.testng.PickleWrapper,io.cucumber.testng.FeatureWrapper)[pri:0, instance:runner.TestRunnerTestng@238d68ff]" started-at="2023-12-06T21:43:22 EST" name="runScenario" description="Runs Cucumber Scenarios" data-provider="scenarios" finished-at="2023-12-06T21:43:22 EST" duration-ms="172" status="PASS">
          <params>
            <param index="0">
              <value>
                <![CDATA["DS Algo Introduction Page"]]>
              </value>
            </param>
            <param index="1">
              <value>
                <![CDATA["to automate Signin page of DS_Algo"]]>
              </value>
            </param>
          </params>
          <reporter-output>
          </reporter-output>
        </test-method> <!-- runScenario -->
        <test-method signature="runScenario(io.cucumber.testng.PickleWrapper,io.cucumber.testng.FeatureWrapper)[pri:0, instance:runner.TestRunnerTestng@238d68ff]" started-at="2023-12-06T21:43:22 EST" name="runScenario" description="Runs Cucumber Scenarios" data-provider="scenarios" finished-at="2023-12-06T21:43:23 EST" duration-ms="266" status="PASS">
          <params>
            <param index="0">
              <value>
                <![CDATA["DS Algo Introduction Page"]]>
              </value>
            </param>
            <param index="1">
              <value>
                <![CDATA["to automate Signin page of DS_Algo"]]>
              </value>
            </param>
          </params>
          <reporter-output>
          </reporter-output>
        </test-method> <!-- runScenario -->
        <test-method signature="runScenario(io.cucumber.testng.PickleWrapper,io.cucumber.testng.FeatureWrapper)[pri:0, instance:runner.TestRunnerTestng@238d68ff]" started-at="2023-12-06T21:43:23 EST" name="runScenario" description="Runs Cucumber Scenarios" data-provider="scenarios" finished-at="2023-12-06T21:43:23 EST" duration-ms="189" status="PASS">
          <params>
            <param index="0">
              <value>
                <![CDATA["DS Algo Introduction Page"]]>
              </value>
            </param>
            <param index="1">
              <value>
                <![CDATA["to automate Signin page of DS_Algo"]]>
              </value>
            </param>
          </params>
          <reporter-output>
          </reporter-output>
        </test-method> <!-- runScenario -->
        <test-method signature="runScenario(io.cucumber.testng.PickleWrapper,io.cucumber.testng.FeatureWrapper)[pri:0, instance:runner.TestRunnerTestng@238d68ff]" started-at="2023-12-06T21:43:23 EST" name="runScenario" description="Runs Cucumber Scenarios" data-provider="scenarios" finished-at="2023-12-06T21:43:23 EST" duration-ms="366" status="PASS">
          <params>
            <param index="0">
              <value>
                <![CDATA["DS Algo Introduction Page"]]>
              </value>
            </param>
            <param index="1">
              <value>
                <![CDATA["to automate Signin page of DS_Algo"]]>
              </value>
            </param>
          </params>
          <reporter-output>
          </reporter-output>
        </test-method> <!-- runScenario -->
        <test-method signature="runScenario(io.cucumber.testng.PickleWrapper,io.cucumber.testng.FeatureWrapper)[pri:0, instance:runner.TestRunnerTestng@238d68ff]" started-at="2023-12-06T21:43:23 EST" name="runScenario" description="Runs Cucumber Scenarios" data-provider="scenarios" finished-at="2023-12-06T21:43:23 EST" duration-ms="233" status="PASS">
          <params>
            <param index="0">
              <value>
                <![CDATA["DS Algo Introduction Page"]]>
              </value>
            </param>
            <param index="1">
              <value>
                <![CDATA["to automate Signin page of DS_Algo"]]>
              </value>
            </param>
          </params>
          <reporter-output>
          </reporter-output>
        </test-method> <!-- runScenario -->
        <test-method signature="runScenario(io.cucumber.testng.PickleWrapper,io.cucumber.testng.FeatureWrapper)[pri:0, instance:runner.TestRunnerTestng@238d68ff]" started-at="2023-12-06T21:43:23 EST" name="runScenario" description="Runs Cucumber Scenarios" data-provider="scenarios" finished-at="2023-12-06T21:43:24 EST" duration-ms="403" status="PASS">
          <params>
            <param index="0">
              <value>
                <![CDATA["DS Algo Introduction Page"]]>
              </value>
            </param>
            <param index="1">
              <value>
                <![CDATA["to automate Signin page of DS_Algo"]]>
              </value>
            </param>
          </params>
          <reporter-output>
          </reporter-output>
        </test-method> <!-- runScenario -->
        <test-method signature="runScenario(io.cucumber.testng.PickleWrapper,io.cucumber.testng.FeatureWrapper)[pri:0, instance:runner.TestRunnerTestng@238d68ff]" started-at="2023-12-06T21:43:24 EST" name="runScenario" description="Runs Cucumber Scenarios" data-provider="scenarios" finished-at="2023-12-06T21:43:24 EST" duration-ms="573" status="PASS">
          <params>
            <param index="0">
              <value>
                <![CDATA["DS Algo Introduction Page"]]>
              </value>
            </param>
            <param index="1">
              <value>
                <![CDATA["to automate Signin page of DS_Algo"]]>
              </value>
            </param>
          </params>
          <reporter-output>
          </reporter-output>
        </test-method> <!-- runScenario -->
        <test-method signature="runScenario(io.cucumber.testng.PickleWrapper,io.cucumber.testng.FeatureWrapper)[pri:0, instance:runner.TestRunnerTestng@238d68ff]" started-at="2023-12-06T21:43:24 EST" name="runScenario" description="Runs Cucumber Scenarios" data-provider="scenarios" finished-at="2023-12-06T21:43:25 EST" duration-ms="269" status="PASS">
          <params>
            <param index="0">
              <value>
                <![CDATA["Home Page"]]>
              </value>
            </param>
            <param index="1">
              <value>
                <![CDATA["To Automate the page of Data Structure"]]>
              </value>
            </param>
          </params>
          <reporter-output>
          </reporter-output>
        </test-method> <!-- runScenario -->
        <test-method signature="runScenario(io.cucumber.testng.PickleWrapper,io.cucumber.testng.FeatureWrapper)[pri:0, instance:runner.TestRunnerTestng@238d68ff]" started-at="2023-12-06T21:43:25 EST" name="runScenario" description="Runs Cucumber Scenarios" data-provider="scenarios" finished-at="2023-12-06T21:43:25 EST" duration-ms="230" status="PASS">
          <params>
            <param index="0">
              <value>
                <![CDATA["Data Structure Home page"]]>
              </value>
            </param>
            <param index="1">
              <value>
                <![CDATA["To Automate the page of Data Structure"]]>
              </value>
            </param>
          </params>
          <reporter-output>
          </reporter-output>
        </test-method> <!-- runScenario -->
        <test-method signature="runScenario(io.cucumber.testng.PickleWrapper,io.cucumber.testng.FeatureWrapper)[pri:0, instance:runner.TestRunnerTestng@238d68ff]" started-at="2023-12-06T21:43:25 EST" name="runScenario" description="Runs Cucumber Scenarios" data-provider="scenarios" finished-at="2023-12-06T21:43:25 EST" duration-ms="80" status="PASS">
          <params>
            <param index="0">
              <value>
                <![CDATA["Time Complexity Page"]]>
              </value>
            </param>
            <param index="1">
              <value>
                <![CDATA["To Automate the page of Data Structure"]]>
              </value>
            </param>
          </params>
          <reporter-output>
          </reporter-output>
        </test-method> <!-- runScenario -->
        <test-method signature="runScenario(io.cucumber.testng.PickleWrapper,io.cucumber.testng.FeatureWrapper)[pri:0, instance:runner.TestRunnerTestng@238d68ff]" started-at="2023-12-06T21:43:25 EST" name="runScenario" description="Runs Cucumber Scenarios" data-provider="scenarios" finished-at="2023-12-06T21:43:26 EST" duration-ms="777" status="PASS">
          <params>
            <param index="0">
              <value>
                <![CDATA["Python Editor page without data"]]>
              </value>
            </param>
            <param index="1">
              <value>
                <![CDATA["To Automate the page of Data Structure"]]>
              </value>
            </param>
          </params>
          <reporter-output>
          </reporter-output>
        </test-method> <!-- runScenario -->
        <test-method signature="runScenario(io.cucumber.testng.PickleWrapper,io.cucumber.testng.FeatureWrapper)[pri:0, instance:runner.TestRunnerTestng@238d68ff]" started-at="2023-12-06T21:43:26 EST" name="runScenario" description="Runs Cucumber Scenarios" data-provider="scenarios" finished-at="2023-12-06T21:43:27 EST" duration-ms="1425" status="PASS">
          <params>
            <param index="0">
              <value>
                <![CDATA["Python Editor page with Invalid data"]]>
              </value>
            </param>
            <param index="1">
              <value>
                <![CDATA["To Automate the page of Data Structure"]]>
              </value>
            </param>
          </params>
          <reporter-output>
          </reporter-output>
        </test-method> <!-- runScenario -->
        <test-method signature="runScenario(io.cucumber.testng.PickleWrapper,io.cucumber.testng.FeatureWrapper)[pri:0, instance:runner.TestRunnerTestng@238d68ff]" started-at="2023-12-06T21:43:27 EST" name="runScenario" description="Runs Cucumber Scenarios" data-provider="scenarios" finished-at="2023-12-06T21:43:28 EST" duration-ms="727" status="PASS">
          <params>
            <param index="0">
              <value>
                <![CDATA["Python Editor page with valid data"]]>
              </value>
            </param>
            <param index="1">
              <value>
                <![CDATA["To Automate the page of Data Structure"]]>
              </value>
            </param>
          </params>
          <reporter-output>
          </reporter-output>
        </test-method> <!-- runScenario -->
        <test-method signature="runScenario(io.cucumber.testng.PickleWrapper,io.cucumber.testng.FeatureWrapper)[pri:0, instance:runner.TestRunnerTestng@238d68ff]" started-at="2023-12-06T21:43:28 EST" name="runScenario" description="Runs Cucumber Scenarios" data-provider="scenarios" finished-at="2023-12-06T21:43:28 EST" duration-ms="220" status="PASS">
          <params>
            <param index="0">
              <value>
                <![CDATA["User go back to the previous page"]]>
              </value>
            </param>
            <param index="1">
              <value>
                <![CDATA["To Automate the page of Data Structure"]]>
              </value>
            </param>
          </params>
          <reporter-output>
          </reporter-output>
        </test-method> <!-- runScenario -->
        <test-method signature="runScenario(io.cucumber.testng.PickleWrapper,io.cucumber.testng.FeatureWrapper)[pri:0, instance:runner.TestRunnerTestng@238d68ff]" started-at="2023-12-06T21:43:28 EST" name="runScenario" description="Runs Cucumber Scenarios" data-provider="scenarios" finished-at="2023-12-06T21:43:28 EST" duration-ms="227" status="PASS">
          <params>
            <param index="0">
              <value>
                <![CDATA["Time Complexity Page"]]>
              </value>
            </param>
            <param index="1">
              <value>
                <![CDATA["To Automate the page of Data Structure"]]>
              </value>
            </param>
          </params>
          <reporter-output>
          </reporter-output>
        </test-method> <!-- runScenario -->
        <test-method signature="runScenario(io.cucumber.testng.PickleWrapper,io.cucumber.testng.FeatureWrapper)[pri:0, instance:runner.TestRunnerTestng@238d68ff]" started-at="2023-12-06T21:43:28 EST" name="runScenario" description="Runs Cucumber Scenarios" data-provider="scenarios" finished-at="2023-12-06T21:43:29 EST" duration-ms="256" status="PASS">
          <params>
            <param index="0">
              <value>
                <![CDATA["Home Page"]]>
              </value>
            </param>
            <param index="1">
              <value>
                <![CDATA["To Automate the page of Array"]]>
              </value>
            </param>
          </params>
          <reporter-output>
          </reporter-output>
        </test-method> <!-- runScenario -->
        <test-method signature="runScenario(io.cucumber.testng.PickleWrapper,io.cucumber.testng.FeatureWrapper)[pri:0, instance:runner.TestRunnerTestng@238d68ff]" started-at="2023-12-06T21:43:29 EST" name="runScenario" description="Runs Cucumber Scenarios" data-provider="scenarios" finished-at="2023-12-06T21:43:29 EST" duration-ms="317" status="PASS">
          <params>
            <param index="0">
              <value>
                <![CDATA["Array Page"]]>
              </value>
            </param>
            <param index="1">
              <value>
                <![CDATA["To Automate the page of Array"]]>
              </value>
            </param>
          </params>
          <reporter-output>
          </reporter-output>
        </test-method> <!-- runScenario -->
        <test-method signature="runScenario(io.cucumber.testng.PickleWrapper,io.cucumber.testng.FeatureWrapper)[pri:0, instance:runner.TestRunnerTestng@238d68ff]" started-at="2023-12-06T21:43:29 EST" name="runScenario" description="Runs Cucumber Scenarios" data-provider="scenarios" finished-at="2023-12-06T21:43:29 EST" duration-ms="212" status="PASS">
          <params>
            <param index="0">
              <value>
                <![CDATA["Array Page"]]>
              </value>
            </param>
            <param index="1">
              <value>
                <![CDATA["To Automate the page of Array"]]>
              </value>
            </param>
          </params>
          <reporter-output>
          </reporter-output>
        </test-method> <!-- runScenario -->
        <test-method signature="runScenario(io.cucumber.testng.PickleWrapper,io.cucumber.testng.FeatureWrapper)[pri:0, instance:runner.TestRunnerTestng@238d68ff]" started-at="2023-12-06T21:43:29 EST" name="runScenario" description="Runs Cucumber Scenarios" data-provider="scenarios" finished-at="2023-12-06T21:43:30 EST" duration-ms="351" status="PASS">
          <params>
            <param index="0">
              <value>
                <![CDATA["Python Editor page without data"]]>
              </value>
            </param>
            <param index="1">
              <value>
                <![CDATA["To Automate the page of Array"]]>
              </value>
            </param>
          </params>
          <reporter-output>
          </reporter-output>
        </test-method> <!-- runScenario -->
        <test-method signature="runScenario(io.cucumber.testng.PickleWrapper,io.cucumber.testng.FeatureWrapper)[pri:0, instance:runner.TestRunnerTestng@238d68ff]" started-at="2023-12-06T21:43:30 EST" name="runScenario" description="Runs Cucumber Scenarios" data-provider="scenarios" finished-at="2023-12-06T21:43:30 EST" duration-ms="523" status="PASS">
          <params>
            <param index="0">
              <value>
                <![CDATA["Python Editor page with Invalid data"]]>
              </value>
            </param>
            <param index="1">
              <value>
                <![CDATA["To Automate the page of Array"]]>
              </value>
            </param>
          </params>
          <reporter-output>
          </reporter-output>
        </test-method> <!-- runScenario -->
        <test-method signature="runScenario(io.cucumber.testng.PickleWrapper,io.cucumber.testng.FeatureWrapper)[pri:0, instance:runner.TestRunnerTestng@238d68ff]" started-at="2023-12-06T21:43:30 EST" name="runScenario" description="Runs Cucumber Scenarios" data-provider="scenarios" finished-at="2023-12-06T21:43:31 EST" duration-ms="553" status="PASS">
          <params>
            <param index="0">
              <value>
                <![CDATA["Python Editor page with valid data"]]>
              </value>
            </param>
            <param index="1">
              <value>
                <![CDATA["To Automate the page of Array"]]>
              </value>
            </param>
          </params>
          <reporter-output>
          </reporter-output>
        </test-method> <!-- runScenario -->
        <test-method signature="runScenario(io.cucumber.testng.PickleWrapper,io.cucumber.testng.FeatureWrapper)[pri:0, instance:runner.TestRunnerTestng@238d68ff]" started-at="2023-12-06T21:43:31 EST" name="runScenario" description="Runs Cucumber Scenarios" data-provider="scenarios" finished-at="2023-12-06T21:43:31 EST" duration-ms="154" status="PASS">
          <params>
            <param index="0">
              <value>
                <![CDATA["User go back to the previous page"]]>
              </value>
            </param>
            <param index="1">
              <value>
                <![CDATA["To Automate the page of Array"]]>
              </value>
            </param>
          </params>
          <reporter-output>
          </reporter-output>
        </test-method> <!-- runScenario -->
        <test-method signature="runScenario(io.cucumber.testng.PickleWrapper,io.cucumber.testng.FeatureWrapper)[pri:0, instance:runner.TestRunnerTestng@238d68ff]" started-at="2023-12-06T21:43:31 EST" name="runScenario" description="Runs Cucumber Scenarios" data-provider="scenarios" finished-at="2023-12-06T21:43:31 EST" duration-ms="233" status="PASS">
          <params>
            <param index="0">
              <value>
                <![CDATA["Array in Python Page"]]>
              </value>
            </param>
            <param index="1">
              <value>
                <![CDATA["To Automate the page of Array"]]>
              </value>
            </param>
          </params>
          <reporter-output>
          </reporter-output>
        </test-method> <!-- runScenario -->
        <test-method signature="runScenario(io.cucumber.testng.PickleWrapper,io.cucumber.testng.FeatureWrapper)[pri:0, instance:runner.TestRunnerTestng@238d68ff]" started-at="2023-12-06T21:43:31 EST" name="runScenario" description="Runs Cucumber Scenarios" data-provider="scenarios" finished-at="2023-12-06T21:43:31 EST" duration-ms="211" status="PASS">
          <params>
            <param index="0">
              <value>
                <![CDATA["Array Using List Page"]]>
              </value>
            </param>
            <param index="1">
              <value>
                <![CDATA["To Automate the page of Array"]]>
              </value>
            </param>
          </params>
          <reporter-output>
          </reporter-output>
        </test-method> <!-- runScenario -->
        <test-method signature="runScenario(io.cucumber.testng.PickleWrapper,io.cucumber.testng.FeatureWrapper)[pri:0, instance:runner.TestRunnerTestng@238d68ff]" started-at="2023-12-06T21:43:31 EST" name="runScenario" description="Runs Cucumber Scenarios" data-provider="scenarios" finished-at="2023-12-06T21:43:32 EST" duration-ms="351" status="PASS">
          <params>
            <param index="0">
              <value>
                <![CDATA["Python Editor page without data"]]>
              </value>
            </param>
            <param index="1">
              <value>
                <![CDATA["To Automate the page of Array"]]>
              </value>
            </param>
          </params>
          <reporter-output>
          </reporter-output>
        </test-method> <!-- runScenario -->
        <test-method signature="runScenario(io.cucumber.testng.PickleWrapper,io.cucumber.testng.FeatureWrapper)[pri:0, instance:runner.TestRunnerTestng@238d68ff]" started-at="2023-12-06T21:43:32 EST" name="runScenario" description="Runs Cucumber Scenarios" data-provider="scenarios" finished-at="2023-12-06T21:43:32 EST" duration-ms="486" status="PASS">
          <params>
            <param index="0">
              <value>
                <![CDATA["Python Editor page with Invalid data"]]>
              </value>
            </param>
            <param index="1">
              <value>
                <![CDATA["To Automate the page of Array"]]>
              </value>
            </param>
          </params>
          <reporter-output>
          </reporter-output>
        </test-method> <!-- runScenario -->
        <test-method signature="runScenario(io.cucumber.testng.PickleWrapper,io.cucumber.testng.FeatureWrapper)[pri:0, instance:runner.TestRunnerTestng@238d68ff]" started-at="2023-12-06T21:43:32 EST" name="runScenario" description="Runs Cucumber Scenarios" data-provider="scenarios" finished-at="2023-12-06T21:43:33 EST" duration-ms="572" status="PASS">
          <params>
            <param index="0">
              <value>
                <![CDATA["Python Editor page with valid data"]]>
              </value>
            </param>
            <param index="1">
              <value>
                <![CDATA["To Automate the page of Array"]]>
              </value>
            </param>
          </params>
          <reporter-output>
          </reporter-output>
        </test-method> <!-- runScenario -->
        <test-method signature="runScenario(io.cucumber.testng.PickleWrapper,io.cucumber.testng.FeatureWrapper)[pri:0, instance:runner.TestRunnerTestng@238d68ff]" started-at="2023-12-06T21:43:33 EST" name="runScenario" description="Runs Cucumber Scenarios" data-provider="scenarios" finished-at="2023-12-06T21:43:33 EST" duration-ms="196" status="PASS">
          <params>
            <param index="0">
              <value>
                <![CDATA["User go back to the previous page"]]>
              </value>
            </param>
            <param index="1">
              <value>
                <![CDATA["To Automate the page of Array"]]>
              </value>
            </param>
          </params>
          <reporter-output>
          </reporter-output>
        </test-method> <!-- runScenario -->
        <test-method signature="runScenario(io.cucumber.testng.PickleWrapper,io.cucumber.testng.FeatureWrapper)[pri:0, instance:runner.TestRunnerTestng@238d68ff]" started-at="2023-12-06T21:43:33 EST" name="runScenario" description="Runs Cucumber Scenarios" data-provider="scenarios" finished-at="2023-12-06T21:43:33 EST" duration-ms="209" status="PASS">
          <params>
            <param index="0">
              <value>
                <![CDATA["Array Using List Page"]]>
              </value>
            </param>
            <param index="1">
              <value>
                <![CDATA["To Automate the page of Array"]]>
              </value>
            </param>
          </params>
          <reporter-output>
          </reporter-output>
        </test-method> <!-- runScenario -->
        <test-method signature="runScenario(io.cucumber.testng.PickleWrapper,io.cucumber.testng.FeatureWrapper)[pri:0, instance:runner.TestRunnerTestng@238d68ff]" started-at="2023-12-06T21:43:33 EST" name="runScenario" description="Runs Cucumber Scenarios" data-provider="scenarios" finished-at="2023-12-06T21:43:33 EST" duration-ms="205" status="PASS">
          <params>
            <param index="0">
              <value>
                <![CDATA["Basic operations in Lists page"]]>
              </value>
            </param>
            <param index="1">
              <value>
                <![CDATA["To Automate the page of Array"]]>
              </value>
            </param>
          </params>
          <reporter-output>
          </reporter-output>
        </test-method> <!-- runScenario -->
        <test-method signature="runScenario(io.cucumber.testng.PickleWrapper,io.cucumber.testng.FeatureWrapper)[pri:0, instance:runner.TestRunnerTestng@238d68ff]" started-at="2023-12-06T21:43:33 EST" name="runScenario" description="Runs Cucumber Scenarios" data-provider="scenarios" finished-at="2023-12-06T21:43:34 EST" duration-ms="316" status="PASS">
          <params>
            <param index="0">
              <value>
                <![CDATA["Python Editor page without data"]]>
              </value>
            </param>
            <param index="1">
              <value>
                <![CDATA["To Automate the page of Array"]]>
              </value>
            </param>
          </params>
          <reporter-output>
          </reporter-output>
        </test-method> <!-- runScenario -->
        <test-method signature="runScenario(io.cucumber.testng.PickleWrapper,io.cucumber.testng.FeatureWrapper)[pri:0, instance:runner.TestRunnerTestng@238d68ff]" started-at="2023-12-06T21:43:34 EST" name="runScenario" description="Runs Cucumber Scenarios" data-provider="scenarios" finished-at="2023-12-06T21:43:34 EST" duration-ms="519" status="PASS">
          <params>
            <param index="0">
              <value>
                <![CDATA["Python Editor page with Invalid data"]]>
              </value>
            </param>
            <param index="1">
              <value>
                <![CDATA["To Automate the page of Array"]]>
              </value>
            </param>
          </params>
          <reporter-output>
          </reporter-output>
        </test-method> <!-- runScenario -->
        <test-method signature="runScenario(io.cucumber.testng.PickleWrapper,io.cucumber.testng.FeatureWrapper)[pri:0, instance:runner.TestRunnerTestng@238d68ff]" started-at="2023-12-06T21:43:34 EST" name="runScenario" description="Runs Cucumber Scenarios" data-provider="scenarios" finished-at="2023-12-06T21:43:35 EST" duration-ms="437" status="PASS">
          <params>
            <param index="0">
              <value>
                <![CDATA["Python Editor page with valid data"]]>
              </value>
            </param>
            <param index="1">
              <value>
                <![CDATA["To Automate the page of Array"]]>
              </value>
            </param>
          </params>
          <reporter-output>
          </reporter-output>
        </test-method> <!-- runScenario -->
        <test-method signature="runScenario(io.cucumber.testng.PickleWrapper,io.cucumber.testng.FeatureWrapper)[pri:0, instance:runner.TestRunnerTestng@238d68ff]" started-at="2023-12-06T21:43:35 EST" name="runScenario" description="Runs Cucumber Scenarios" data-provider="scenarios" finished-at="2023-12-06T21:43:35 EST" duration-ms="166" status="PASS">
          <params>
            <param index="0">
              <value>
                <![CDATA["User go back to the previous page"]]>
              </value>
            </param>
            <param index="1">
              <value>
                <![CDATA["To Automate the page of Array"]]>
              </value>
            </param>
          </params>
          <reporter-output>
          </reporter-output>
        </test-method> <!-- runScenario -->
        <test-method signature="runScenario(io.cucumber.testng.PickleWrapper,io.cucumber.testng.FeatureWrapper)[pri:0, instance:runner.TestRunnerTestng@238d68ff]" started-at="2023-12-06T21:43:35 EST" name="runScenario" description="Runs Cucumber Scenarios" data-provider="scenarios" finished-at="2023-12-06T21:43:35 EST" duration-ms="197" status="PASS">
          <params>
            <param index="0">
              <value>
                <![CDATA["Basic operations in Lists page"]]>
              </value>
            </param>
            <param index="1">
              <value>
                <![CDATA["To Automate the page of Array"]]>
              </value>
            </param>
          </params>
          <reporter-output>
          </reporter-output>
        </test-method> <!-- runScenario -->
        <test-method signature="runScenario(io.cucumber.testng.PickleWrapper,io.cucumber.testng.FeatureWrapper)[pri:0, instance:runner.TestRunnerTestng@238d68ff]" started-at="2023-12-06T21:43:35 EST" name="runScenario" description="Runs Cucumber Scenarios" data-provider="scenarios" finished-at="2023-12-06T21:43:35 EST" duration-ms="208" status="PASS">
          <params>
            <param index="0">
              <value>
                <![CDATA["Application of Array page"]]>
              </value>
            </param>
            <param index="1">
              <value>
                <![CDATA["To Automate the page of Array"]]>
              </value>
            </param>
          </params>
          <reporter-output>
          </reporter-output>
        </test-method> <!-- runScenario -->
        <test-method signature="runScenario(io.cucumber.testng.PickleWrapper,io.cucumber.testng.FeatureWrapper)[pri:0, instance:runner.TestRunnerTestng@238d68ff]" started-at="2023-12-06T21:43:35 EST" name="runScenario" description="Runs Cucumber Scenarios" data-provider="scenarios" finished-at="2023-12-06T21:43:36 EST" duration-ms="238" status="PASS">
          <params>
            <param index="0">
              <value>
                <![CDATA["Practice Questions page"]]>
              </value>
            </param>
            <param index="1">
              <value>
                <![CDATA["To Automate the page of Array"]]>
              </value>
            </param>
          </params>
          <reporter-output>
          </reporter-output>
        </test-method> <!-- runScenario -->
        <test-method signature="runScenario(io.cucumber.testng.PickleWrapper,io.cucumber.testng.FeatureWrapper)[pri:0, instance:runner.TestRunnerTestng@238d68ff]" started-at="2023-12-06T21:43:36 EST" name="runScenario" description="Runs Cucumber Scenarios" data-provider="scenarios" finished-at="2023-12-06T21:43:36 EST" duration-ms="378" status="PASS">
          <params>
            <param index="0">
              <value>
                <![CDATA["Python Editor page without data"]]>
              </value>
            </param>
            <param index="1">
              <value>
                <![CDATA["To Automate the page of Array"]]>
              </value>
            </param>
          </params>
          <reporter-output>
          </reporter-output>
        </test-method> <!-- runScenario -->
        <test-method signature="runScenario(io.cucumber.testng.PickleWrapper,io.cucumber.testng.FeatureWrapper)[pri:0, instance:runner.TestRunnerTestng@238d68ff]" started-at="2023-12-06T21:43:36 EST" name="runScenario" description="Runs Cucumber Scenarios" data-provider="scenarios" finished-at="2023-12-06T21:43:36 EST" duration-ms="480" status="PASS">
          <params>
            <param index="0">
              <value>
                <![CDATA["Python Editor page with Invalid data"]]>
              </value>
            </param>
            <param index="1">
              <value>
                <![CDATA["To Automate the page of Array"]]>
              </value>
            </param>
          </params>
          <reporter-output>
          </reporter-output>
        </test-method> <!-- runScenario -->
        <test-method signature="runScenario(io.cucumber.testng.PickleWrapper,io.cucumber.testng.FeatureWrapper)[pri:0, instance:runner.TestRunnerTestng@238d68ff]" started-at="2023-12-06T21:43:36 EST" name="runScenario" description="Runs Cucumber Scenarios" data-provider="scenarios" finished-at="2023-12-06T21:43:37 EST" duration-ms="442" status="PASS">
          <params>
            <param index="0">
              <value>
                <![CDATA["Python Editor page with valid data"]]>
              </value>
            </param>
            <param index="1">
              <value>
                <![CDATA["To Automate the page of Array"]]>
              </value>
            </param>
          </params>
          <reporter-output>
          </reporter-output>
        </test-method> <!-- runScenario -->
        <test-method signature="runScenario(io.cucumber.testng.PickleWrapper,io.cucumber.testng.FeatureWrapper)[pri:0, instance:runner.TestRunnerTestng@238d68ff]" started-at="2023-12-06T21:43:37 EST" name="runScenario" description="Runs Cucumber Scenarios" data-provider="scenarios" finished-at="2023-12-06T21:43:37 EST" duration-ms="179" status="PASS">
          <params>
            <param index="0">
              <value>
                <![CDATA["User go back to the previous page"]]>
              </value>
            </param>
            <param index="1">
              <value>
                <![CDATA["To Automate the page of Array"]]>
              </value>
            </param>
          </params>
          <reporter-output>
          </reporter-output>
        </test-method> <!-- runScenario -->
        <test-method signature="runScenario(io.cucumber.testng.PickleWrapper,io.cucumber.testng.FeatureWrapper)[pri:0, instance:runner.TestRunnerTestng@238d68ff]" started-at="2023-12-06T21:43:37 EST" name="runScenario" description="Runs Cucumber Scenarios" data-provider="scenarios" finished-at="2023-12-06T21:43:37 EST" duration-ms="247" status="PASS">
          <params>
            <param index="0">
              <value>
                <![CDATA["Practice Questions page"]]>
              </value>
            </param>
            <param index="1">
              <value>
                <![CDATA["To Automate the page of Array"]]>
              </value>
            </param>
          </params>
          <reporter-output>
          </reporter-output>
        </test-method> <!-- runScenario -->
        <test-method signature="runScenario(io.cucumber.testng.PickleWrapper,io.cucumber.testng.FeatureWrapper)[pri:0, instance:runner.TestRunnerTestng@238d68ff]" started-at="2023-12-06T21:43:37 EST" name="runScenario" description="Runs Cucumber Scenarios" data-provider="scenarios" finished-at="2023-12-06T21:43:38 EST" duration-ms="367" status="PASS">
          <params>
            <param index="0">
              <value>
                <![CDATA["Python Editor page without data"]]>
              </value>
            </param>
            <param index="1">
              <value>
                <![CDATA["To Automate the page of Array"]]>
              </value>
            </param>
          </params>
          <reporter-output>
          </reporter-output>
        </test-method> <!-- runScenario -->
        <test-method signature="runScenario(io.cucumber.testng.PickleWrapper,io.cucumber.testng.FeatureWrapper)[pri:0, instance:runner.TestRunnerTestng@238d68ff]" started-at="2023-12-06T21:43:38 EST" name="runScenario" description="Runs Cucumber Scenarios" data-provider="scenarios" finished-at="2023-12-06T21:43:38 EST" duration-ms="479" status="PASS">
          <params>
            <param index="0">
              <value>
                <![CDATA["Python Editor page with Invalid data"]]>
              </value>
            </param>
            <param index="1">
              <value>
                <![CDATA["To Automate the page of Array"]]>
              </value>
            </param>
          </params>
          <reporter-output>
          </reporter-output>
        </test-method> <!-- runScenario -->
        <test-method signature="runScenario(io.cucumber.testng.PickleWrapper,io.cucumber.testng.FeatureWrapper)[pri:0, instance:runner.TestRunnerTestng@238d68ff]" started-at="2023-12-06T21:43:38 EST" name="runScenario" description="Runs Cucumber Scenarios" data-provider="scenarios" finished-at="2023-12-06T21:43:39 EST" duration-ms="472" status="PASS">
          <params>
            <param index="0">
              <value>
                <![CDATA["Python Editor page with valid data"]]>
              </value>
            </param>
            <param index="1">
              <value>
                <![CDATA["To Automate the page of Array"]]>
              </value>
            </param>
          </params>
          <reporter-output>
          </reporter-output>
        </test-method> <!-- runScenario -->
        <test-method signature="runScenario(io.cucumber.testng.PickleWrapper,io.cucumber.testng.FeatureWrapper)[pri:0, instance:runner.TestRunnerTestng@238d68ff]" started-at="2023-12-06T21:43:39 EST" name="runScenario" description="Runs Cucumber Scenarios" data-provider="scenarios" finished-at="2023-12-06T21:43:39 EST" duration-ms="162" status="PASS">
          <params>
            <param index="0">
              <value>
                <![CDATA["User go back to the previous page"]]>
              </value>
            </param>
            <param index="1">
              <value>
                <![CDATA["To Automate the page of Array"]]>
              </value>
            </param>
          </params>
          <reporter-output>
          </reporter-output>
        </test-method> <!-- runScenario -->
        <test-method signature="runScenario(io.cucumber.testng.PickleWrapper,io.cucumber.testng.FeatureWrapper)[pri:0, instance:runner.TestRunnerTestng@238d68ff]" started-at="2023-12-06T21:43:39 EST" name="runScenario" description="Runs Cucumber Scenarios" data-provider="scenarios" finished-at="2023-12-06T21:43:39 EST" duration-ms="212" status="PASS">
          <params>
            <param index="0">
              <value>
                <![CDATA["Practice Questions page"]]>
              </value>
            </param>
            <param index="1">
              <value>
                <![CDATA["To Automate the page of Array"]]>
              </value>
            </param>
          </params>
          <reporter-output>
          </reporter-output>
        </test-method> <!-- runScenario -->
        <test-method signature="runScenario(io.cucumber.testng.PickleWrapper,io.cucumber.testng.FeatureWrapper)[pri:0, instance:runner.TestRunnerTestng@238d68ff]" started-at="2023-12-06T21:43:39 EST" name="runScenario" description="Runs Cucumber Scenarios" data-provider="scenarios" finished-at="2023-12-06T21:43:39 EST" duration-ms="383" status="PASS">
          <params>
            <param index="0">
              <value>
                <![CDATA["Python Editor page without data"]]>
              </value>
            </param>
            <param index="1">
              <value>
                <![CDATA["To Automate the page of Array"]]>
              </value>
            </param>
          </params>
          <reporter-output>
          </reporter-output>
        </test-method> <!-- runScenario -->
        <test-method signature="runScenario(io.cucumber.testng.PickleWrapper,io.cucumber.testng.FeatureWrapper)[pri:0, instance:runner.TestRunnerTestng@238d68ff]" started-at="2023-12-06T21:43:39 EST" name="runScenario" description="Runs Cucumber Scenarios" data-provider="scenarios" finished-at="2023-12-06T21:43:40 EST" duration-ms="439" status="PASS">
          <params>
            <param index="0">
              <value>
                <![CDATA["Python Editor page with Invalid data"]]>
              </value>
            </param>
            <param index="1">
              <value>
                <![CDATA["To Automate the page of Array"]]>
              </value>
            </param>
          </params>
          <reporter-output>
          </reporter-output>
        </test-method> <!-- runScenario -->
        <test-method signature="runScenario(io.cucumber.testng.PickleWrapper,io.cucumber.testng.FeatureWrapper)[pri:0, instance:runner.TestRunnerTestng@238d68ff]" started-at="2023-12-06T21:43:40 EST" name="runScenario" description="Runs Cucumber Scenarios" data-provider="scenarios" finished-at="2023-12-06T21:43:40 EST" duration-ms="487" status="PASS">
          <params>
            <param index="0">
              <value>
                <![CDATA["Python Editor page with valid data"]]>
              </value>
            </param>
            <param index="1">
              <value>
                <![CDATA["To Automate the page of Array"]]>
              </value>
            </param>
          </params>
          <reporter-output>
          </reporter-output>
        </test-method> <!-- runScenario -->
        <test-method signature="runScenario(io.cucumber.testng.PickleWrapper,io.cucumber.testng.FeatureWrapper)[pri:0, instance:runner.TestRunnerTestng@238d68ff]" started-at="2023-12-06T21:43:40 EST" name="runScenario" description="Runs Cucumber Scenarios" data-provider="scenarios" finished-at="2023-12-06T21:43:41 EST" duration-ms="167" status="PASS">
          <params>
            <param index="0">
              <value>
                <![CDATA["User go back to the previous page"]]>
              </value>
            </param>
            <param index="1">
              <value>
                <![CDATA["To Automate the page of Array"]]>
              </value>
            </param>
          </params>
          <reporter-output>
          </reporter-output>
        </test-method> <!-- runScenario -->
        <test-method signature="runScenario(io.cucumber.testng.PickleWrapper,io.cucumber.testng.FeatureWrapper)[pri:0, instance:runner.TestRunnerTestng@238d68ff]" started-at="2023-12-06T21:43:41 EST" name="runScenario" description="Runs Cucumber Scenarios" data-provider="scenarios" finished-at="2023-12-06T21:43:41 EST" duration-ms="251" status="PASS">
          <params>
            <param index="0">
              <value>
                <![CDATA["Practice Questions page"]]>
              </value>
            </param>
            <param index="1">
              <value>
                <![CDATA["To Automate the page of Array"]]>
              </value>
            </param>
          </params>
          <reporter-output>
          </reporter-output>
        </test-method> <!-- runScenario -->
        <test-method signature="runScenario(io.cucumber.testng.PickleWrapper,io.cucumber.testng.FeatureWrapper)[pri:0, instance:runner.TestRunnerTestng@238d68ff]" started-at="2023-12-06T21:43:41 EST" name="runScenario" description="Runs Cucumber Scenarios" data-provider="scenarios" finished-at="2023-12-06T21:43:42 EST" duration-ms="713" status="PASS">
          <params>
            <param index="0">
              <value>
                <![CDATA["User is on Python  editor page"]]>
              </value>
            </param>
            <param index="1">
              <value>
                <![CDATA["To Automate the page of Array"]]>
              </value>
            </param>
          </params>
          <reporter-output>
          </reporter-output>
        </test-method> <!-- runScenario -->
        <test-method signature="runScenario(io.cucumber.testng.PickleWrapper,io.cucumber.testng.FeatureWrapper)[pri:0, instance:runner.TestRunnerTestng@238d68ff]" started-at="2023-12-06T21:43:42 EST" name="runScenario" description="Runs Cucumber Scenarios" data-provider="scenarios" finished-at="2023-12-06T21:43:42 EST" duration-ms="660" status="PASS">
          <params>
            <param index="0">
              <value>
                <![CDATA["Python Editor page without data"]]>
              </value>
            </param>
            <param index="1">
              <value>
                <![CDATA["To Automate the page of Array"]]>
              </value>
            </param>
          </params>
          <reporter-output>
          </reporter-output>
        </test-method> <!-- runScenario -->
        <test-method signature="runScenario(io.cucumber.testng.PickleWrapper,io.cucumber.testng.FeatureWrapper)[pri:0, instance:runner.TestRunnerTestng@238d68ff]" started-at="2023-12-06T21:43:42 EST" name="runScenario" description="Runs Cucumber Scenarios" data-provider="scenarios" finished-at="2023-12-06T21:43:43 EST" duration-ms="543" status="PASS">
          <params>
            <param index="0">
              <value>
                <![CDATA["Python Editor page with Invalid data"]]>
              </value>
            </param>
            <param index="1">
              <value>
                <![CDATA["To Automate the page of Array"]]>
              </value>
            </param>
          </params>
          <reporter-output>
          </reporter-output>
        </test-method> <!-- runScenario -->
        <test-method signature="runScenario(io.cucumber.testng.PickleWrapper,io.cucumber.testng.FeatureWrapper)[pri:0, instance:runner.TestRunnerTestng@238d68ff]" started-at="2023-12-06T21:43:43 EST" name="runScenario" description="Runs Cucumber Scenarios" data-provider="scenarios" finished-at="2023-12-06T21:43:43 EST" duration-ms="428" status="PASS">
          <params>
            <param index="0">
              <value>
                <![CDATA["Python Editor page with valid data"]]>
              </value>
            </param>
            <param index="1">
              <value>
                <![CDATA["To Automate the page of Array"]]>
              </value>
            </param>
          </params>
          <reporter-output>
          </reporter-output>
        </test-method> <!-- runScenario -->
        <test-method signature="runScenario(io.cucumber.testng.PickleWrapper,io.cucumber.testng.FeatureWrapper)[pri:0, instance:runner.TestRunnerTestng@238d68ff]" started-at="2023-12-06T21:43:43 EST" name="runScenario" description="Runs Cucumber Scenarios" data-provider="scenarios" finished-at="2023-12-06T21:43:43 EST" duration-ms="100" status="PASS">
          <params>
            <param index="0">
              <value>
                <![CDATA["User go back to the DSHome page"]]>
              </value>
            </param>
            <param index="1">
              <value>
                <![CDATA["To Automate the page of Array"]]>
              </value>
            </param>
          </params>
          <reporter-output>
          </reporter-output>
        </test-method> <!-- runScenario -->
        <test-method signature="runScenario(io.cucumber.testng.PickleWrapper,io.cucumber.testng.FeatureWrapper)[pri:0, instance:runner.TestRunnerTestng@238d68ff]" started-at="2023-12-06T21:43:43 EST" name="runScenario" description="Runs Cucumber Scenarios" data-provider="scenarios" finished-at="2023-12-06T21:43:44 EST" duration-ms="225" status="PASS">
          <params>
            <param index="0">
              <value>
                <![CDATA["Get started to Linked List from DS Algo home page"]]>
              </value>
            </param>
            <param index="1">
              <value>
                <![CDATA["Automatating Linked List Module pages"]]>
              </value>
            </param>
          </params>
          <reporter-output>
          </reporter-output>
        </test-method> <!-- runScenario -->
        <test-method signature="runScenario(io.cucumber.testng.PickleWrapper,io.cucumber.testng.FeatureWrapper)[pri:0, instance:runner.TestRunnerTestng@238d68ff]" started-at="2023-12-06T21:43:44 EST" name="runScenario" description="Runs Cucumber Scenarios" data-provider="scenarios" finished-at="2023-12-06T21:43:44 EST" duration-ms="227" status="PASS">
          <params>
            <param index="0">
              <value>
                <![CDATA["Introduction link of Linked List module"]]>
              </value>
            </param>
            <param index="1">
              <value>
                <![CDATA["Automatating Linked List Module pages"]]>
              </value>
            </param>
          </params>
          <reporter-output>
          </reporter-output>
        </test-method> <!-- runScenario -->
        <test-method signature="runScenario(io.cucumber.testng.PickleWrapper,io.cucumber.testng.FeatureWrapper)[pri:0, instance:runner.TestRunnerTestng@238d68ff]" started-at="2023-12-06T21:43:44 EST" name="runScenario" description="Runs Cucumber Scenarios" data-provider="scenarios" finished-at="2023-12-06T21:43:44 EST" duration-ms="376" status="PASS">
          <params>
            <param index="0">
              <value>
                <![CDATA["Introduction page"]]>
              </value>
            </param>
            <param index="1">
              <value>
                <![CDATA["Automatating Linked List Module pages"]]>
              </value>
            </param>
          </params>
          <reporter-output>
          </reporter-output>
        </test-method> <!-- runScenario -->
        <test-method signature="runScenario(io.cucumber.testng.PickleWrapper,io.cucumber.testng.FeatureWrapper)[pri:0, instance:runner.TestRunnerTestng@238d68ff]" started-at="2023-12-06T21:43:44 EST" name="runScenario" description="Runs Cucumber Scenarios" data-provider="scenarios" finished-at="2023-12-06T21:43:44 EST" duration-ms="342" status="PASS">
          <params>
            <param index="0">
              <value>
                <![CDATA["Python Editor page without data"]]>
              </value>
            </param>
            <param index="1">
              <value>
                <![CDATA["Automatating Linked List Module pages"]]>
              </value>
            </param>
          </params>
          <reporter-output>
          </reporter-output>
        </test-method> <!-- runScenario -->
        <test-method signature="runScenario(io.cucumber.testng.PickleWrapper,io.cucumber.testng.FeatureWrapper)[pri:0, instance:runner.TestRunnerTestng@238d68ff]" started-at="2023-12-06T21:43:44 EST" name="runScenario" description="Runs Cucumber Scenarios" data-provider="scenarios" finished-at="2023-12-06T21:43:45 EST" duration-ms="522" status="PASS">
          <params>
            <param index="0">
              <value>
                <![CDATA["Python Editor page with Invalid data"]]>
              </value>
            </param>
            <param index="1">
              <value>
                <![CDATA["Automatating Linked List Module pages"]]>
              </value>
            </param>
          </params>
          <reporter-output>
          </reporter-output>
        </test-method> <!-- runScenario -->
        <test-method signature="runScenario(io.cucumber.testng.PickleWrapper,io.cucumber.testng.FeatureWrapper)[pri:0, instance:runner.TestRunnerTestng@238d68ff]" started-at="2023-12-06T21:43:45 EST" name="runScenario" description="Runs Cucumber Scenarios" data-provider="scenarios" finished-at="2023-12-06T21:43:45 EST" duration-ms="422" status="PASS">
          <params>
            <param index="0">
              <value>
                <![CDATA["Python Editor page with valid data"]]>
              </value>
            </param>
            <param index="1">
              <value>
                <![CDATA["Automatating Linked List Module pages"]]>
              </value>
            </param>
          </params>
          <reporter-output>
          </reporter-output>
        </test-method> <!-- runScenario -->
        <test-method signature="runScenario(io.cucumber.testng.PickleWrapper,io.cucumber.testng.FeatureWrapper)[pri:0, instance:runner.TestRunnerTestng@238d68ff]" started-at="2023-12-06T21:43:45 EST" name="runScenario" description="Runs Cucumber Scenarios" data-provider="scenarios" finished-at="2023-12-06T21:43:46 EST" duration-ms="164" status="PASS">
          <params>
            <param index="0">
              <value>
                <![CDATA["User go back to the previous page"]]>
              </value>
            </param>
            <param index="1">
              <value>
                <![CDATA["Automatating Linked List Module pages"]]>
              </value>
            </param>
          </params>
          <reporter-output>
          </reporter-output>
        </test-method> <!-- runScenario -->
        <test-method signature="runScenario(io.cucumber.testng.PickleWrapper,io.cucumber.testng.FeatureWrapper)[pri:0, instance:runner.TestRunnerTestng@238d68ff]" started-at="2023-12-06T21:43:46 EST" name="runScenario" description="Runs Cucumber Scenarios" data-provider="scenarios" finished-at="2023-12-06T21:43:46 EST" duration-ms="213" status="PASS">
          <params>
            <param index="0">
              <value>
                <![CDATA["Creating Linked LIst link of Linked List module"]]>
              </value>
            </param>
            <param index="1">
              <value>
                <![CDATA["Automatating Linked List Module pages"]]>
              </value>
            </param>
          </params>
          <reporter-output>
          </reporter-output>
        </test-method> <!-- runScenario -->
        <test-method signature="runScenario(io.cucumber.testng.PickleWrapper,io.cucumber.testng.FeatureWrapper)[pri:0, instance:runner.TestRunnerTestng@238d68ff]" started-at="2023-12-06T21:43:46 EST" name="runScenario" description="Runs Cucumber Scenarios" data-provider="scenarios" finished-at="2023-12-06T21:43:46 EST" duration-ms="359" status="PASS">
          <params>
            <param index="0">
              <value>
                <![CDATA["Creating Linked LIst page"]]>
              </value>
            </param>
            <param index="1">
              <value>
                <![CDATA["Automatating Linked List Module pages"]]>
              </value>
            </param>
          </params>
          <reporter-output>
          </reporter-output>
        </test-method> <!-- runScenario -->
        <test-method signature="runScenario(io.cucumber.testng.PickleWrapper,io.cucumber.testng.FeatureWrapper)[pri:0, instance:runner.TestRunnerTestng@238d68ff]" started-at="2023-12-06T21:43:46 EST" name="runScenario" description="Runs Cucumber Scenarios" data-provider="scenarios" finished-at="2023-12-06T21:43:47 EST" duration-ms="339" status="PASS">
          <params>
            <param index="0">
              <value>
                <![CDATA["Python Editor page without data"]]>
              </value>
            </param>
            <param index="1">
              <value>
                <![CDATA["Automatating Linked List Module pages"]]>
              </value>
            </param>
          </params>
          <reporter-output>
          </reporter-output>
        </test-method> <!-- runScenario -->
        <test-method signature="runScenario(io.cucumber.testng.PickleWrapper,io.cucumber.testng.FeatureWrapper)[pri:0, instance:runner.TestRunnerTestng@238d68ff]" started-at="2023-12-06T21:43:47 EST" name="runScenario" description="Runs Cucumber Scenarios" data-provider="scenarios" finished-at="2023-12-06T21:43:47 EST" duration-ms="515" status="PASS">
          <params>
            <param index="0">
              <value>
                <![CDATA["Python Editor page with Invalid data"]]>
              </value>
            </param>
            <param index="1">
              <value>
                <![CDATA["Automatating Linked List Module pages"]]>
              </value>
            </param>
          </params>
          <reporter-output>
          </reporter-output>
        </test-method> <!-- runScenario -->
        <test-method signature="runScenario(io.cucumber.testng.PickleWrapper,io.cucumber.testng.FeatureWrapper)[pri:0, instance:runner.TestRunnerTestng@238d68ff]" started-at="2023-12-06T21:43:47 EST" name="runScenario" description="Runs Cucumber Scenarios" data-provider="scenarios" finished-at="2023-12-06T21:43:48 EST" duration-ms="529" status="PASS">
          <params>
            <param index="0">
              <value>
                <![CDATA["Python Editor page with valid data"]]>
              </value>
            </param>
            <param index="1">
              <value>
                <![CDATA["Automatating Linked List Module pages"]]>
              </value>
            </param>
          </params>
          <reporter-output>
          </reporter-output>
        </test-method> <!-- runScenario -->
        <test-method signature="runScenario(io.cucumber.testng.PickleWrapper,io.cucumber.testng.FeatureWrapper)[pri:0, instance:runner.TestRunnerTestng@238d68ff]" started-at="2023-12-06T21:43:48 EST" name="runScenario" description="Runs Cucumber Scenarios" data-provider="scenarios" finished-at="2023-12-06T21:43:48 EST" duration-ms="212" status="PASS">
          <params>
            <param index="0">
              <value>
                <![CDATA["User go back to the previous page"]]>
              </value>
            </param>
            <param index="1">
              <value>
                <![CDATA["Automatating Linked List Module pages"]]>
              </value>
            </param>
          </params>
          <reporter-output>
          </reporter-output>
        </test-method> <!-- runScenario -->
        <test-method signature="runScenario(io.cucumber.testng.PickleWrapper,io.cucumber.testng.FeatureWrapper)[pri:0, instance:runner.TestRunnerTestng@238d68ff]" started-at="2023-12-06T21:43:48 EST" name="runScenario" description="Runs Cucumber Scenarios" data-provider="scenarios" finished-at="2023-12-06T21:43:48 EST" duration-ms="292" status="PASS">
          <params>
            <param index="0">
              <value>
                <![CDATA["Types of Linked List link of Linked List module"]]>
              </value>
            </param>
            <param index="1">
              <value>
                <![CDATA["Automatating Linked List Module pages"]]>
              </value>
            </param>
          </params>
          <reporter-output>
          </reporter-output>
        </test-method> <!-- runScenario -->
        <test-method signature="runScenario(io.cucumber.testng.PickleWrapper,io.cucumber.testng.FeatureWrapper)[pri:0, instance:runner.TestRunnerTestng@238d68ff]" started-at="2023-12-06T21:43:48 EST" name="runScenario" description="Runs Cucumber Scenarios" data-provider="scenarios" finished-at="2023-12-06T21:43:49 EST" duration-ms="422" status="PASS">
          <params>
            <param index="0">
              <value>
                <![CDATA["Types of Linked List page"]]>
              </value>
            </param>
            <param index="1">
              <value>
                <![CDATA["Automatating Linked List Module pages"]]>
              </value>
            </param>
          </params>
          <reporter-output>
          </reporter-output>
        </test-method> <!-- runScenario -->
        <test-method signature="runScenario(io.cucumber.testng.PickleWrapper,io.cucumber.testng.FeatureWrapper)[pri:0, instance:runner.TestRunnerTestng@238d68ff]" started-at="2023-12-06T21:43:49 EST" name="runScenario" description="Runs Cucumber Scenarios" data-provider="scenarios" finished-at="2023-12-06T21:43:49 EST" duration-ms="392" status="PASS">
          <params>
            <param index="0">
              <value>
                <![CDATA["Python Editor page without data"]]>
              </value>
            </param>
            <param index="1">
              <value>
                <![CDATA["Automatating Linked List Module pages"]]>
              </value>
            </param>
          </params>
          <reporter-output>
          </reporter-output>
        </test-method> <!-- runScenario -->
        <test-method signature="runScenario(io.cucumber.testng.PickleWrapper,io.cucumber.testng.FeatureWrapper)[pri:0, instance:runner.TestRunnerTestng@238d68ff]" started-at="2023-12-06T21:43:49 EST" name="runScenario" description="Runs Cucumber Scenarios" data-provider="scenarios" finished-at="2023-12-06T21:43:50 EST" duration-ms="544" status="PASS">
          <params>
            <param index="0">
              <value>
                <![CDATA["Python Editor page with Invalid data"]]>
              </value>
            </param>
            <param index="1">
              <value>
                <![CDATA["Automatating Linked List Module pages"]]>
              </value>
            </param>
          </params>
          <reporter-output>
          </reporter-output>
        </test-method> <!-- runScenario -->
        <test-method signature="runScenario(io.cucumber.testng.PickleWrapper,io.cucumber.testng.FeatureWrapper)[pri:0, instance:runner.TestRunnerTestng@238d68ff]" started-at="2023-12-06T21:43:50 EST" name="runScenario" description="Runs Cucumber Scenarios" data-provider="scenarios" finished-at="2023-12-06T21:43:50 EST" duration-ms="510" status="PASS">
          <params>
            <param index="0">
              <value>
                <![CDATA["Python Editor page with valid data"]]>
              </value>
            </param>
            <param index="1">
              <value>
                <![CDATA["Automatating Linked List Module pages"]]>
              </value>
            </param>
          </params>
          <reporter-output>
          </reporter-output>
        </test-method> <!-- runScenario -->
        <test-method signature="runScenario(io.cucumber.testng.PickleWrapper,io.cucumber.testng.FeatureWrapper)[pri:0, instance:runner.TestRunnerTestng@238d68ff]" started-at="2023-12-06T21:43:50 EST" name="runScenario" description="Runs Cucumber Scenarios" data-provider="scenarios" finished-at="2023-12-06T21:43:50 EST" duration-ms="170" status="PASS">
          <params>
            <param index="0">
              <value>
                <![CDATA["User go back to the previous page"]]>
              </value>
            </param>
            <param index="1">
              <value>
                <![CDATA["Automatating Linked List Module pages"]]>
              </value>
            </param>
          </params>
          <reporter-output>
          </reporter-output>
        </test-method> <!-- runScenario -->
        <test-method signature="runScenario(io.cucumber.testng.PickleWrapper,io.cucumber.testng.FeatureWrapper)[pri:0, instance:runner.TestRunnerTestng@238d68ff]" started-at="2023-12-06T21:43:50 EST" name="runScenario" description="Runs Cucumber Scenarios" data-provider="scenarios" finished-at="2023-12-06T21:43:50 EST" duration-ms="231" status="PASS">
          <params>
            <param index="0">
              <value>
                <![CDATA["Implement Linked List in Python link of Linked List module"]]>
              </value>
            </param>
            <param index="1">
              <value>
                <![CDATA["Automatating Linked List Module pages"]]>
              </value>
            </param>
          </params>
          <reporter-output>
          </reporter-output>
        </test-method> <!-- runScenario -->
        <test-method signature="runScenario(io.cucumber.testng.PickleWrapper,io.cucumber.testng.FeatureWrapper)[pri:0, instance:runner.TestRunnerTestng@238d68ff]" started-at="2023-12-06T21:43:50 EST" name="runScenario" description="Runs Cucumber Scenarios" data-provider="scenarios" finished-at="2023-12-06T21:43:51 EST" duration-ms="368" status="PASS">
          <params>
            <param index="0">
              <value>
                <![CDATA["Implement Linked List in Python page"]]>
              </value>
            </param>
            <param index="1">
              <value>
                <![CDATA["Automatating Linked List Module pages"]]>
              </value>
            </param>
          </params>
          <reporter-output>
          </reporter-output>
        </test-method> <!-- runScenario -->
        <test-method signature="runScenario(io.cucumber.testng.PickleWrapper,io.cucumber.testng.FeatureWrapper)[pri:0, instance:runner.TestRunnerTestng@238d68ff]" started-at="2023-12-06T21:43:51 EST" name="runScenario" description="Runs Cucumber Scenarios" data-provider="scenarios" finished-at="2023-12-06T21:43:51 EST" duration-ms="359" status="PASS">
          <params>
            <param index="0">
              <value>
                <![CDATA["Python Editor page without data"]]>
              </value>
            </param>
            <param index="1">
              <value>
                <![CDATA["Automatating Linked List Module pages"]]>
              </value>
            </param>
          </params>
          <reporter-output>
          </reporter-output>
        </test-method> <!-- runScenario -->
        <test-method signature="runScenario(io.cucumber.testng.PickleWrapper,io.cucumber.testng.FeatureWrapper)[pri:0, instance:runner.TestRunnerTestng@238d68ff]" started-at="2023-12-06T21:43:51 EST" name="runScenario" description="Runs Cucumber Scenarios" data-provider="scenarios" finished-at="2023-12-06T21:43:52 EST" duration-ms="554" status="PASS">
          <params>
            <param index="0">
              <value>
                <![CDATA["Python Editor page with Invalid data"]]>
              </value>
            </param>
            <param index="1">
              <value>
                <![CDATA["Automatating Linked List Module pages"]]>
              </value>
            </param>
          </params>
          <reporter-output>
          </reporter-output>
        </test-method> <!-- runScenario -->
        <test-method signature="runScenario(io.cucumber.testng.PickleWrapper,io.cucumber.testng.FeatureWrapper)[pri:0, instance:runner.TestRunnerTestng@238d68ff]" started-at="2023-12-06T21:43:52 EST" name="runScenario" description="Runs Cucumber Scenarios" data-provider="scenarios" finished-at="2023-12-06T21:43:52 EST" duration-ms="598" status="PASS">
          <params>
            <param index="0">
              <value>
                <![CDATA["Python Editor page with valid data"]]>
              </value>
            </param>
            <param index="1">
              <value>
                <![CDATA["Automatating Linked List Module pages"]]>
              </value>
            </param>
          </params>
          <reporter-output>
          </reporter-output>
        </test-method> <!-- runScenario -->
        <test-method signature="runScenario(io.cucumber.testng.PickleWrapper,io.cucumber.testng.FeatureWrapper)[pri:0, instance:runner.TestRunnerTestng@238d68ff]" started-at="2023-12-06T21:43:52 EST" name="runScenario" description="Runs Cucumber Scenarios" data-provider="scenarios" finished-at="2023-12-06T21:43:53 EST" duration-ms="187" status="PASS">
          <params>
            <param index="0">
              <value>
                <![CDATA["User go back to the previous page"]]>
              </value>
            </param>
            <param index="1">
              <value>
                <![CDATA["Automatating Linked List Module pages"]]>
              </value>
            </param>
          </params>
          <reporter-output>
          </reporter-output>
        </test-method> <!-- runScenario -->
        <test-method signature="runScenario(io.cucumber.testng.PickleWrapper,io.cucumber.testng.FeatureWrapper)[pri:0, instance:runner.TestRunnerTestng@238d68ff]" started-at="2023-12-06T21:43:53 EST" name="runScenario" description="Runs Cucumber Scenarios" data-provider="scenarios" finished-at="2023-12-06T21:43:53 EST" duration-ms="244" status="PASS">
          <params>
            <param index="0">
              <value>
                <![CDATA["Traversal link of Linked List module"]]>
              </value>
            </param>
            <param index="1">
              <value>
                <![CDATA["Automatating Linked List Module pages"]]>
              </value>
            </param>
          </params>
          <reporter-output>
          </reporter-output>
        </test-method> <!-- runScenario -->
        <test-method signature="runScenario(io.cucumber.testng.PickleWrapper,io.cucumber.testng.FeatureWrapper)[pri:0, instance:runner.TestRunnerTestng@238d68ff]" started-at="2023-12-06T21:43:53 EST" name="runScenario" description="Runs Cucumber Scenarios" data-provider="scenarios" finished-at="2023-12-06T21:43:53 EST" duration-ms="385" status="PASS">
          <params>
            <param index="0">
              <value>
                <![CDATA["Traversal page"]]>
              </value>
            </param>
            <param index="1">
              <value>
                <![CDATA["Automatating Linked List Module pages"]]>
              </value>
            </param>
          </params>
          <reporter-output>
          </reporter-output>
        </test-method> <!-- runScenario -->
        <test-method signature="runScenario(io.cucumber.testng.PickleWrapper,io.cucumber.testng.FeatureWrapper)[pri:0, instance:runner.TestRunnerTestng@238d68ff]" started-at="2023-12-06T21:43:53 EST" name="runScenario" description="Runs Cucumber Scenarios" data-provider="scenarios" finished-at="2023-12-06T21:43:54 EST" duration-ms="406" status="PASS">
          <params>
            <param index="0">
              <value>
                <![CDATA["Python Editor page without data"]]>
              </value>
            </param>
            <param index="1">
              <value>
                <![CDATA["Automatating Linked List Module pages"]]>
              </value>
            </param>
          </params>
          <reporter-output>
          </reporter-output>
        </test-method> <!-- runScenario -->
        <test-method signature="runScenario(io.cucumber.testng.PickleWrapper,io.cucumber.testng.FeatureWrapper)[pri:0, instance:runner.TestRunnerTestng@238d68ff]" started-at="2023-12-06T21:43:54 EST" name="runScenario" description="Runs Cucumber Scenarios" data-provider="scenarios" finished-at="2023-12-06T21:43:54 EST" duration-ms="564" status="PASS">
          <params>
            <param index="0">
              <value>
                <![CDATA["Python Editor page with Invalid data"]]>
              </value>
            </param>
            <param index="1">
              <value>
                <![CDATA["Automatating Linked List Module pages"]]>
              </value>
            </param>
          </params>
          <reporter-output>
          </reporter-output>
        </test-method> <!-- runScenario -->
        <test-method signature="runScenario(io.cucumber.testng.PickleWrapper,io.cucumber.testng.FeatureWrapper)[pri:0, instance:runner.TestRunnerTestng@238d68ff]" started-at="2023-12-06T21:43:54 EST" name="runScenario" description="Runs Cucumber Scenarios" data-provider="scenarios" finished-at="2023-12-06T21:43:55 EST" duration-ms="507" status="PASS">
          <params>
            <param index="0">
              <value>
                <![CDATA["Python Editor page with valid data"]]>
              </value>
            </param>
            <param index="1">
              <value>
                <![CDATA["Automatating Linked List Module pages"]]>
              </value>
            </param>
          </params>
          <reporter-output>
          </reporter-output>
        </test-method> <!-- runScenario -->
        <test-method signature="runScenario(io.cucumber.testng.PickleWrapper,io.cucumber.testng.FeatureWrapper)[pri:0, instance:runner.TestRunnerTestng@238d68ff]" started-at="2023-12-06T21:43:55 EST" name="runScenario" description="Runs Cucumber Scenarios" data-provider="scenarios" finished-at="2023-12-06T21:43:55 EST" duration-ms="202" status="PASS">
          <params>
            <param index="0">
              <value>
                <![CDATA["User go back to the previous page"]]>
              </value>
            </param>
            <param index="1">
              <value>
                <![CDATA["Automatating Linked List Module pages"]]>
              </value>
            </param>
          </params>
          <reporter-output>
          </reporter-output>
        </test-method> <!-- runScenario -->
        <test-method signature="runScenario(io.cucumber.testng.PickleWrapper,io.cucumber.testng.FeatureWrapper)[pri:0, instance:runner.TestRunnerTestng@238d68ff]" started-at="2023-12-06T21:43:55 EST" name="runScenario" description="Runs Cucumber Scenarios" data-provider="scenarios" finished-at="2023-12-06T21:43:55 EST" duration-ms="283" status="PASS">
          <params>
            <param index="0">
              <value>
                <![CDATA["Insertion link of Linked List module"]]>
              </value>
            </param>
            <param index="1">
              <value>
                <![CDATA["Automatating Linked List Module pages"]]>
              </value>
            </param>
          </params>
          <reporter-output>
          </reporter-output>
        </test-method> <!-- runScenario -->
        <test-method signature="runScenario(io.cucumber.testng.PickleWrapper,io.cucumber.testng.FeatureWrapper)[pri:0, instance:runner.TestRunnerTestng@238d68ff]" started-at="2023-12-06T21:43:55 EST" name="runScenario" description="Runs Cucumber Scenarios" data-provider="scenarios" finished-at="2023-12-06T21:43:56 EST" duration-ms="421" status="PASS">
          <params>
            <param index="0">
              <value>
                <![CDATA["Insertion page"]]>
              </value>
            </param>
            <param index="1">
              <value>
                <![CDATA["Automatating Linked List Module pages"]]>
              </value>
            </param>
          </params>
          <reporter-output>
          </reporter-output>
        </test-method> <!-- runScenario -->
        <test-method signature="runScenario(io.cucumber.testng.PickleWrapper,io.cucumber.testng.FeatureWrapper)[pri:0, instance:runner.TestRunnerTestng@238d68ff]" started-at="2023-12-06T21:43:56 EST" name="runScenario" description="Runs Cucumber Scenarios" data-provider="scenarios" finished-at="2023-12-06T21:43:56 EST" duration-ms="420" status="PASS">
          <params>
            <param index="0">
              <value>
                <![CDATA["Python Editor page without data"]]>
              </value>
            </param>
            <param index="1">
              <value>
                <![CDATA["Automatating Linked List Module pages"]]>
              </value>
            </param>
          </params>
          <reporter-output>
          </reporter-output>
[...]
          <reporter-output>
          </reporter-output>
        </test-method> <!-- runScenario -->
        <test-method signature="runScenario(io.cucumber.testng.PickleWrapper,io.cucumber.testng.FeatureWrapper)[pri:0, instance:runner.TestRunnerTestng@238d68ff]" started-at="2023-12-06T21:44:52 EST" name="runScenario" description="Runs Cucumber Scenarios" data-provider="scenarios" finished-at="2023-12-06T21:44:52 EST" duration-ms="319" status="PASS">
          <params>
            <param index="0">
              <value>
                <![CDATA["Implementation Of BST page Link"]]>
              </value>
            </param>
            <param index="1">
              <value>
                <![CDATA["Automatating Tree Module pages"]]>
              </value>
            </param>
          </params>
          <reporter-output>
          </reporter-output>
        </test-method> <!-- runScenario -->
        <test-method signature="runScenario(io.cucumber.testng.PickleWrapper,io.cucumber.testng.FeatureWrapper)[pri:0, instance:runner.TestRunnerTestng@238d68ff]" started-at="2023-12-06T21:44:52 EST" name="runScenario" description="Runs Cucumber Scenarios" data-provider="scenarios" finished-at="2023-12-06T21:44:53 EST" duration-ms="506" status="PASS">
          <params>
            <param index="0">
              <value>
                <![CDATA["Implementation Of BST page"]]>
              </value>
            </param>
            <param index="1">
              <value>
                <![CDATA["Automatating Tree Module pages"]]>
              </value>
            </param>
          </params>
          <reporter-output>
          </reporter-output>
        </test-method> <!-- runScenario -->
        <test-method signature="runScenario(io.cucumber.testng.PickleWrapper,io.cucumber.testng.FeatureWrapper)[pri:0, instance:runner.TestRunnerTestng@238d68ff]" started-at="2023-12-06T21:44:53 EST" name="runScenario" description="Runs Cucumber Scenarios" data-provider="scenarios" finished-at="2023-12-06T21:44:53 EST" duration-ms="406" status="PASS">
          <params>
            <param index="0">
              <value>
                <![CDATA["Python Editor page without data"]]>
              </value>
            </param>
            <param index="1">
              <value>
                <![CDATA["Automatating Tree Module pages"]]>
              </value>
            </param>
          </params>
          <reporter-output>
          </reporter-output>
        </test-method> <!-- runScenario -->
        <test-method signature="runScenario(io.cucumber.testng.PickleWrapper,io.cucumber.testng.FeatureWrapper)[pri:0, instance:runner.TestRunnerTestng@238d68ff]" started-at="2023-12-06T21:44:53 EST" name="runScenario" description="Runs Cucumber Scenarios" data-provider="scenarios" finished-at="2023-12-06T21:44:54 EST" duration-ms="489" status="PASS">
          <params>
            <param index="0">
              <value>
                <![CDATA["Python Editor page with Invalid data"]]>
              </value>
            </param>
            <param index="1">
              <value>
                <![CDATA["Automatating Tree Module pages"]]>
              </value>
            </param>
          </params>
          <reporter-output>
          </reporter-output>
        </test-method> <!-- runScenario -->
        <test-method signature="runScenario(io.cucumber.testng.PickleWrapper,io.cucumber.testng.FeatureWrapper)[pri:0, instance:runner.TestRunnerTestng@238d68ff]" started-at="2023-12-06T21:44:54 EST" name="runScenario" description="Runs Cucumber Scenarios" data-provider="scenarios" finished-at="2023-12-06T21:44:54 EST" duration-ms="515" status="PASS">
          <params>
            <param index="0">
              <value>
                <![CDATA["Python Editor page with valid data"]]>
              </value>
            </param>
            <param index="1">
              <value>
                <![CDATA["Automatating Tree Module pages"]]>
              </value>
            </param>
          </params>
          <reporter-output>
          </reporter-output>
        </test-method> <!-- runScenario -->
        <test-method signature="runScenario(io.cucumber.testng.PickleWrapper,io.cucumber.testng.FeatureWrapper)[pri:0, instance:runner.TestRunnerTestng@238d68ff]" started-at="2023-12-06T21:44:54 EST" name="runScenario" description="Runs Cucumber Scenarios" data-provider="scenarios" finished-at="2023-12-06T21:44:54 EST" duration-ms="194" status="PASS">
          <params>
            <param index="0">
              <value>
                <![CDATA["User go back to the previous page"]]>
              </value>
            </param>
            <param index="1">
              <value>
                <![CDATA["Automatating Tree Module pages"]]>
              </value>
            </param>
          </params>
          <reporter-output>
          </reporter-output>
        </test-method> <!-- runScenario -->
        <test-method signature="runScenario(io.cucumber.testng.PickleWrapper,io.cucumber.testng.FeatureWrapper)[pri:0, instance:runner.TestRunnerTestng@238d68ff]" started-at="2023-12-06T21:44:54 EST" name="runScenario" description="Runs Cucumber Scenarios" data-provider="scenarios" finished-at="2023-12-06T21:44:55 EST" duration-ms="184" status="PASS">
          <params>
            <param index="0">
              <value>
                <![CDATA["Tree page Practice Questions"]]>
              </value>
            </param>
            <param index="1">
              <value>
                <![CDATA["Automatating Tree Module pages"]]>
              </value>
            </param>
          </params>
          <reporter-output>
          </reporter-output>
        </test-method> <!-- runScenario -->
        <test-method signature="runScenario(io.cucumber.testng.PickleWrapper,io.cucumber.testng.FeatureWrapper)[pri:0, instance:runner.TestRunnerTestng@238d68ff]" started-at="2023-12-06T21:44:55 EST" name="runScenario" description="Runs Cucumber Scenarios" data-provider="scenarios" finished-at="2023-12-06T21:44:55 EST" duration-ms="153" status="PASS">
          <params>
            <param index="0">
              <value>
                <![CDATA["User go back to the DS Algo home page"]]>
              </value>
            </param>
            <param index="1">
              <value>
                <![CDATA["Automatating Tree Module pages"]]>
              </value>
            </param>
          </params>
          <reporter-output>
          </reporter-output>
        </test-method> <!-- runScenario -->
        <test-method signature="runScenario(io.cucumber.testng.PickleWrapper,io.cucumber.testng.FeatureWrapper)[pri:0, instance:runner.TestRunnerTestng@238d68ff]" started-at="2023-12-06T21:44:55 EST" name="runScenario" description="Runs Cucumber Scenarios" data-provider="scenarios" finished-at="2023-12-06T21:44:55 EST" duration-ms="280" status="PASS">
          <params>
            <param index="0">
              <value>
                <![CDATA["Get started to graph from DS Algo home page"]]>
              </value>
            </param>
            <param index="1">
              <value>
                <![CDATA["Automatating Graph Module pages"]]>
              </value>
            </param>
          </params>
          <reporter-output>
          </reporter-output>
        </test-method> <!-- runScenario -->
        <test-method signature="runScenario(io.cucumber.testng.PickleWrapper,io.cucumber.testng.FeatureWrapper)[pri:0, instance:runner.TestRunnerTestng@238d68ff]" started-at="2023-12-06T21:44:55 EST" name="runScenario" description="Runs Cucumber Scenarios" data-provider="scenarios" finished-at="2023-12-06T21:44:55 EST" duration-ms="286" status="PASS">
          <params>
            <param index="0">
              <value>
                <![CDATA["Graph home page"]]>
              </value>
            </param>
            <param index="1">
              <value>
                <![CDATA["Automatating Graph Module pages"]]>
              </value>
            </param>
          </params>
          <reporter-output>
          </reporter-output>
        </test-method> <!-- runScenario -->
        <test-method signature="runScenario(io.cucumber.testng.PickleWrapper,io.cucumber.testng.FeatureWrapper)[pri:0, instance:runner.TestRunnerTestng@238d68ff]" started-at="2023-12-06T21:44:55 EST" name="runScenario" description="Runs Cucumber Scenarios" data-provider="scenarios" finished-at="2023-12-06T21:44:56 EST" duration-ms="418" status="PASS">
          <params>
            <param index="0">
              <value>
                <![CDATA["Graph page"]]>
              </value>
            </param>
            <param index="1">
              <value>
                <![CDATA["Automatating Graph Module pages"]]>
              </value>
            </param>
          </params>
          <reporter-output>
          </reporter-output>
        </test-method> <!-- runScenario -->
        <test-method signature="runScenario(io.cucumber.testng.PickleWrapper,io.cucumber.testng.FeatureWrapper)[pri:0, instance:runner.TestRunnerTestng@238d68ff]" started-at="2023-12-06T21:44:56 EST" name="runScenario" description="Runs Cucumber Scenarios" data-provider="scenarios" finished-at="2023-12-06T21:44:56 EST" duration-ms="410" status="PASS">
          <params>
            <param index="0">
              <value>
                <![CDATA["Python Editor page without data"]]>
              </value>
            </param>
            <param index="1">
              <value>
                <![CDATA["Automatating Graph Module pages"]]>
              </value>
            </param>
          </params>
          <reporter-output>
          </reporter-output>
        </test-method> <!-- runScenario -->
        <test-method signature="runScenario(io.cucumber.testng.PickleWrapper,io.cucumber.testng.FeatureWrapper)[pri:0, instance:runner.TestRunnerTestng@238d68ff]" started-at="2023-12-06T21:44:56 EST" name="runScenario" description="Runs Cucumber Scenarios" data-provider="scenarios" finished-at="2023-12-06T21:44:57 EST" duration-ms="500" status="PASS">
          <params>
            <param index="0">
              <value>
                <![CDATA["Python Editor page with Invalid data"]]>
              </value>
            </param>
            <param index="1">
              <value>
                <![CDATA["Automatating Graph Module pages"]]>
              </value>
            </param>
          </params>
          <reporter-output>
          </reporter-output>
        </test-method> <!-- runScenario -->
        <test-method signature="runScenario(io.cucumber.testng.PickleWrapper,io.cucumber.testng.FeatureWrapper)[pri:0, instance:runner.TestRunnerTestng@238d68ff]" started-at="2023-12-06T21:44:57 EST" name="runScenario" description="Runs Cucumber Scenarios" data-provider="scenarios" finished-at="2023-12-06T21:44:57 EST" duration-ms="555" status="PASS">
          <params>
            <param index="0">
              <value>
                <![CDATA["Python Editor page with valid data"]]>
              </value>
            </param>
            <param index="1">
              <value>
                <![CDATA["Automatating Graph Module pages"]]>
              </value>
            </param>
          </params>
          <reporter-output>
          </reporter-output>
        </test-method> <!-- runScenario -->
        <test-method signature="runScenario(io.cucumber.testng.PickleWrapper,io.cucumber.testng.FeatureWrapper)[pri:0, instance:runner.TestRunnerTestng@238d68ff]" started-at="2023-12-06T21:44:57 EST" name="runScenario" description="Runs Cucumber Scenarios" data-provider="scenarios" finished-at="2023-12-06T21:44:57 EST" duration-ms="179" status="PASS">
          <params>
            <param index="0">
              <value>
                <![CDATA["User go back to Graph page"]]>
              </value>
            </param>
            <param index="1">
              <value>
                <![CDATA["Automatating Graph Module pages"]]>
              </value>
            </param>
          </params>
          <reporter-output>
          </reporter-output>
        </test-method> <!-- runScenario -->
        <test-method signature="runScenario(io.cucumber.testng.PickleWrapper,io.cucumber.testng.FeatureWrapper)[pri:0, instance:runner.TestRunnerTestng@238d68ff]" started-at="2023-12-06T21:44:57 EST" name="runScenario" description="Runs Cucumber Scenarios" data-provider="scenarios" finished-at="2023-12-06T21:44:58 EST" duration-ms="270" status="PASS">
          <params>
            <param index="0">
              <value>
                <![CDATA["Graph page second link"]]>
              </value>
            </param>
            <param index="1">
              <value>
                <![CDATA["Automatating Graph Module pages"]]>
              </value>
            </param>
          </params>
          <reporter-output>
          </reporter-output>
        </test-method> <!-- runScenario -->
        <test-method signature="runScenario(io.cucumber.testng.PickleWrapper,io.cucumber.testng.FeatureWrapper)[pri:0, instance:runner.TestRunnerTestng@238d68ff]" started-at="2023-12-06T21:44:58 EST" name="runScenario" description="Runs Cucumber Scenarios" data-provider="scenarios" finished-at="2023-12-06T21:44:58 EST" duration-ms="354" status="PASS">
          <params>
            <param index="0">
              <value>
                <![CDATA["Graph Representations page"]]>
              </value>
            </param>
            <param index="1">
              <value>
                <![CDATA["Automatating Graph Module pages"]]>
              </value>
            </param>
          </params>
          <reporter-output>
          </reporter-output>
        </test-method> <!-- runScenario -->
        <test-method signature="runScenario(io.cucumber.testng.PickleWrapper,io.cucumber.testng.FeatureWrapper)[pri:0, instance:runner.TestRunnerTestng@238d68ff]" started-at="2023-12-06T21:44:58 EST" name="runScenario" description="Runs Cucumber Scenarios" data-provider="scenarios" finished-at="2023-12-06T21:44:58 EST" duration-ms="328" status="PASS">
          <params>
            <param index="0">
              <value>
                <![CDATA["Python Editor page without data"]]>
              </value>
            </param>
            <param index="1">
              <value>
                <![CDATA["Automatating Graph Module pages"]]>
              </value>
            </param>
          </params>
          <reporter-output>
          </reporter-output>
        </test-method> <!-- runScenario -->
        <test-method signature="runScenario(io.cucumber.testng.PickleWrapper,io.cucumber.testng.FeatureWrapper)[pri:0, instance:runner.TestRunnerTestng@238d68ff]" started-at="2023-12-06T21:44:58 EST" name="runScenario" description="Runs Cucumber Scenarios" data-provider="scenarios" finished-at="2023-12-06T21:44:59 EST" duration-ms="441" status="PASS">
          <params>
            <param index="0">
              <value>
                <![CDATA["Python Editor page with Invalid data"]]>
              </value>
            </param>
            <param index="1">
              <value>
                <![CDATA["Automatating Graph Module pages"]]>
              </value>
            </param>
          </params>
          <reporter-output>
          </reporter-output>
        </test-method> <!-- runScenario -->
        <test-method signature="runScenario(io.cucumber.testng.PickleWrapper,io.cucumber.testng.FeatureWrapper)[pri:0, instance:runner.TestRunnerTestng@238d68ff]" started-at="2023-12-06T21:44:59 EST" name="runScenario" description="Runs Cucumber Scenarios" data-provider="scenarios" finished-at="2023-12-06T21:44:59 EST" duration-ms="434" status="PASS">
          <params>
            <param index="0">
              <value>
                <![CDATA["Python Editor page with valid data"]]>
              </value>
            </param>
            <param index="1">
              <value>
                <![CDATA["Automatating Graph Module pages"]]>
              </value>
            </param>
          </params>
          <reporter-output>
          </reporter-output>
        </test-method> <!-- runScenario -->
        <test-method signature="runScenario(io.cucumber.testng.PickleWrapper,io.cucumber.testng.FeatureWrapper)[pri:0, instance:runner.TestRunnerTestng@238d68ff]" started-at="2023-12-06T21:44:59 EST" name="runScenario" description="Runs Cucumber Scenarios" data-provider="scenarios" finished-at="2023-12-06T21:44:59 EST" duration-ms="156" status="PASS">
          <params>
            <param index="0">
              <value>
                <![CDATA["User go back to Graph page"]]>
              </value>
            </param>
            <param index="1">
              <value>
                <![CDATA["Automatating Graph Module pages"]]>
              </value>
            </param>
          </params>
          <reporter-output>
          </reporter-output>
        </test-method> <!-- runScenario -->
        <test-method signature="runScenario(io.cucumber.testng.PickleWrapper,io.cucumber.testng.FeatureWrapper)[pri:0, instance:runner.TestRunnerTestng@238d68ff]" started-at="2023-12-06T21:44:59 EST" name="runScenario" description="Runs Cucumber Scenarios" data-provider="scenarios" finished-at="2023-12-06T21:45:00 EST" duration-ms="256" status="PASS">
          <params>
            <param index="0">
              <value>
                <![CDATA["Graph page Practice Questions"]]>
              </value>
            </param>
            <param index="1">
              <value>
                <![CDATA["Automatating Graph Module pages"]]>
              </value>
            </param>
          </params>
          <reporter-output>
          </reporter-output>
        </test-method> <!-- runScenario -->
        <test-method signature="runScenario(io.cucumber.testng.PickleWrapper,io.cucumber.testng.FeatureWrapper)[pri:0, instance:runner.TestRunnerTestng@238d68ff]" started-at="2023-12-06T21:45:00 EST" name="runScenario" description="Runs Cucumber Scenarios" data-provider="scenarios" finished-at="2023-12-06T21:45:00 EST" duration-ms="129" status="PASS">
          <params>
            <param index="0">
              <value>
                <![CDATA["User go back to the DS Algo home page"]]>
              </value>
            </param>
            <param index="1">
              <value>
                <![CDATA["Automatating Graph Module pages"]]>
              </value>
            </param>
          </params>
          <reporter-output>
          </reporter-output>
        </test-method> <!-- runScenario -->
        <test-method signature="runScenario(io.cucumber.testng.PickleWrapper,io.cucumber.testng.FeatureWrapper)[pri:0, instance:runner.TestRunnerTestng@238d68ff]" started-at="2023-12-06T21:45:00 EST" name="runScenario" description="Runs Cucumber Scenarios" data-provider="scenarios" finished-at="2023-12-06T21:45:02 EST" duration-ms="1976" status="PASS">
          <params>
            <param index="0">
              <value>
                <![CDATA["Signing out and Closing the browser"]]>
              </value>
            </param>
            <param index="1">
              <value>
                <![CDATA["Signing out from DS Algo Portal"]]>
              </value>
            </param>
          </params>
          <reporter-output>
          </reporter-output>
        </test-method> <!-- runScenario -->
        <test-method is-config="true" signature="tearDownClass()[pri:0, instance:runner.TestRunnerTestng@238d68ff]" started-at="2023-12-06T21:45:02 EST" name="tearDownClass" finished-at="2023-12-06T21:46:50 EST" duration-ms="108395" status="PASS">
          <reporter-output>
          </reporter-output>
        </test-method> <!-- tearDownClass -->
      </class> <!-- runner.TestRunnerTestng -->
    </test> <!-- Test -->
  </suite> <!-- Suite -->
</testng-results>
